<?xml version="1.0" encoding="UTF-8"?>
<testsuites name="NACAC" time="1554.567" tests="16" failures="2" errors="0">
   <testsuite name="NACAC" tests="16" failures="2" errors="0" time="1554.567" timestamp="2020-10-12 04:19:35" hostname="DELL - 192.168.1.4" id="Test Suites/NACAC">
      <properties>
[...]
</properties>
      <testcase name="Test Cases/Login and Logout/LoginAsSchoolAdmin" time="25.316" classname="Test Cases/Login and Logout/LoginAsSchoolAdmin" status="PASSED">
         <system-out><![CDATA[2020-10-12 04:19:35 - [TEST_CASE][PASSED] - Test Cases/Login and Logout/LoginAsSchoolAdmin: Test Cases/Login and Logout/LoginAsSchoolAdmin

2020-10-12 04:19:36 - [TEST_STEP][PASSED] - com.CommonUtilities.LoginAsDifferentUserPermissions.LoginAsSchoolAdmin(): com.CommonUtilities.LoginAsDifferentUserPermissions.LoginAsSchoolAdmin is PASSED

2020-10-12 04:19:36 - [MESSAGE][INFO] - Starting 'Chrome' driver

2020-10-12 04:19:36 - [MESSAGE][INFO] - Action delay is set to 0 milliseconds

2020-10-12 04:19:42 - [MESSAGE][PASSED] - Browser is opened with url: ''

2020-10-12 04:19:44 - [MESSAGE][PASSED] - Current window maximized

2020-10-12 04:19:47 - [MESSAGE][PASSED] - Navigate to 'https://charizard-admin.visitdays.com/' successfully

2020-10-12 04:19:50 - [MESSAGE][PASSED] - Keys 'test.user1@qualitlabs.com' sent to object: 'Object Repository/LoginPage/EmailTextBox'

2020-10-12 04:19:52 - [MESSAGE][PASSED] - Keys 'Kishore1234' sent to object: 'Object Repository/LoginPage/PasswordTextBox'

2020-10-12 04:19:52 - [MESSAGE][PASSED] - Object: 'Object Repository/LoginPage/SignInButton' is clicked on

2020-10-12 04:19:52 - [MESSAGE][WARNING] - Timeout '0' is invalid. Using default page load timeout: '30'

2020-10-12 04:19:58 - [MESSAGE][PASSED] - Object 'Object Repository/HomePageElements/ProfileAvatar' is present

2020-10-12 04:19:58 - [MESSAGE][PASSED] - Object: 'Object Repository/HomePageElements/SchoolProdoutNav' is clicked on

2020-10-12 04:19:58 - [MESSAGE][PASSED] - com.CommonUtilities.LoginAsDifferentUserPermissions.LoginAsSchoolAdmin is PASSED]]></system-out>
         <system-err><![CDATA[]]></system-err>
      </testcase>
      <testcase name="Test Cases/Conventions/Create new Convention" time="138.182" classname="Test Cases/Conventions/Create new Convention" status="PASSED">
         <system-out><![CDATA[2020-10-12 04:20:00 - [TEST_CASE][PASSED] - Test Cases/Conventions/Create new Convention: Test Cases/Conventions/Create new Convention

2020-10-12 04:20:00 - [TEST_STEP][PASSED] - com.CommonUtilities.GetInstitutionName.getInstitutionNameFromAdminApp(): com.CommonUtilities.GetInstitutionName.getInstitutionNameFromAdminApp is PASSED

2020-10-12 04:20:01 - [MESSAGE][PASSED] - Navigate to 'https://charizard-admin.visitdays.com/' successfully

2020-10-12 04:20:02 - [MESSAGE][WARNING] - Timeout '0' is invalid. Using default page load timeout: '30'

2020-10-12 04:20:02 - [MESSAGE][PASSED] - Wait for page load successfully

2020-10-12 04:20:05 - [MESSAGE][PASSED] - Text of object 'Object Repository/ConventionsPageAdmin/SelectInstitutionName' is: 'BB Testing
swap_horiz'

2020-10-12 04:20:05 - [MESSAGE][PASSED] - com.CommonUtilities.GetInstitutionName.getInstitutionNameFromAdminApp is PASSED

2020-10-12 04:20:05 - [TEST_STEP][PASSED] - click(findTestObject("Object Repository/HomePageElements/PersonIcon")): Object: 'Object Repository/HomePageElements/PersonIcon' is clicked on

2020-10-12 04:20:05 - [MESSAGE][PASSED] - Object: 'Object Repository/HomePageElements/PersonIcon' is clicked on

2020-10-12 04:20:05 - [TEST_STEP][PASSED] - click(findTestObject("Object Repository/HomePageElements/NacacConventionslink")): Object: 'Object Repository/HomePageElements/NacacConventionslink' is clicked on

2020-10-12 04:20:06 - [MESSAGE][PASSED] - Object: 'Object Repository/HomePageElements/NacacConventionslink' is clicked on

2020-10-12 04:20:06 - [TEST_STEP][PASSED] - click(findTestObject("Object Repository/ConventionsPageAdmin/Conventionsleftnav")): Object: 'Object Repository/ConventionsPageAdmin/Conventionsleftnav' is clicked on

2020-10-12 04:20:13 - [MESSAGE][PASSED] - Object: 'Object Repository/ConventionsPageAdmin/Conventionsleftnav' is clicked on

2020-10-12 04:20:13 - [TEST_STEP][PASSED] - click(findTestObject("Object Repository/ConventionsPageAdmin/CreateButtonInLiveSessions")): Object: 'Object Repository/ConventionsPageAdmin/CreateButtonInLiveSessions' is clicked on

2020-10-12 04:20:14 - [MESSAGE][PASSED] - Object: 'Object Repository/ConventionsPageAdmin/CreateButtonInLiveSessions' is clicked on

2020-10-12 04:20:14 - [TEST_STEP][PASSED] - waitForPageLoad(5): Wait for page load successfully

2020-10-12 04:20:14 - [MESSAGE][PASSED] - Wait for page load successfully

2020-10-12 04:20:14 - [TEST_STEP][PASSED] - if (verifyElementPresent(findTestObject("Object Repository/ConventionsPageAdmin/ConventionCardInLiveSessioncreation"), 0, OPTIONAL)): null

2020-10-12 04:20:14 - [MESSAGE][WARNING] - Timeout '0' is invalid. Using default page load timeout: '30'

2020-10-12 04:20:16 - [MESSAGE][PASSED] - Object 'Object Repository/ConventionsPageAdmin/ConventionCardInLiveSessioncreation' is present

2020-10-12 04:20:16 - [TEST_STEP][PASSED] - ConventionName = getText(findTestObject("Object Repository/ConventionsPageAdmin/getNameOfFirstConvention")): Text of object 'Object Repository/ConventionsPageAdmin/getNameOfFirstConvention' is: 'June In Progress Demo'

2020-10-12 04:20:16 - [MESSAGE][PASSED] - Text of object 'Object Repository/ConventionsPageAdmin/getNameOfFirstConvention' is: 'June In Progress Demo'

2020-10-12 04:20:16 - [TEST_STEP][PASSED] - navigateToUrl(SelfServeUrl): Navigate to 'http://vd-api-staging-charizard.herokuapp.com/web/' successfully

2020-10-12 04:20:19 - [MESSAGE][PASSED] - Navigate to 'http://vd-api-staging-charizard.herokuapp.com/web/' successfully

2020-10-12 04:20:19 - [TEST_STEP][PASSED] - waitForPageLoad(0): Wait for page load successfully

2020-10-12 04:20:19 - [MESSAGE][WARNING] - Timeout '0' is invalid. Using default page load timeout: '30'

2020-10-12 04:20:19 - [MESSAGE][PASSED] - Wait for page load successfully

2020-10-12 04:20:19 - [TEST_STEP][PASSED] - sendKeys(findTestObject("Object Repository/Self serve objects/EmailTextBox"), "test.user1@qualitlabs.com"): Keys 'test.user1@qualitlabs.com' sent to object: 'Object Repository/Self serve objects/EmailTextBox'

2020-10-12 04:20:40 - [MESSAGE][PASSED] - Keys 'test.user1@qualitlabs.com' sent to object: 'Object Repository/Self serve objects/EmailTextBox'

2020-10-12 04:20:40 - [TEST_STEP][PASSED] - setEncryptedText(findTestObject("Object Repository/Self serve objects/PasswordTextField"), "vGm4WD5Mwh5DcgtLXIeBlg=="): Text ****** has been set on object 'Object Repository/Self serve objects/PasswordTextField'

2020-10-12 04:20:40 - [MESSAGE][PASSED] - Text ****** has been set on object 'Object Repository/Self serve objects/PasswordTextField'

2020-10-12 04:20:40 - [TEST_STEP][PASSED] - click(findTestObject("Object Repository/Self serve objects/LoginButton")): Object: 'Object Repository/Self serve objects/LoginButton' is clicked on

2020-10-12 04:21:08 - [MESSAGE][PASSED] - Object: 'Object Repository/Self serve objects/LoginButton' is clicked on

2020-10-12 04:21:08 - [TEST_STEP][PASSED] - waitForElementPresent(findTestObject("Object Repository/Self serve objects/HomeInTopNav"), 0): Object 'Object Repository/Self serve objects/HomeInTopNav' is present

2020-10-12 04:21:08 - [MESSAGE][WARNING] - Timeout '0' is invalid. Using default page load timeout: '30'

2020-10-12 04:21:08 - [MESSAGE][PASSED] - Object 'Object Repository/Self serve objects/HomeInTopNav' is present

2020-10-12 04:21:08 - [TEST_STEP][PASSED] - navigateToUrl(SelfServeUrl + "convention_providers"): Navigate to 'http://vd-api-staging-charizard.herokuapp.com/web/convention_providers' successfully

2020-10-12 04:21:22 - [MESSAGE][PASSED] - Navigate to 'http://vd-api-staging-charizard.herokuapp.com/web/convention_providers' successfully

2020-10-12 04:21:22 - [TEST_STEP][PASSED] - click(findTestObject("Object Repository/Self serve objects/ShowDetailsOfConventionsProvider", ["StudentUrlCheck":StudentUrlCheck])): Object: 'Object Repository/Self serve objects/ShowDetailsOfConventionsProvider' is clicked on

2020-10-12 04:21:29 - [MESSAGE][PASSED] - Object: 'Object Repository/Self serve objects/ShowDetailsOfConventionsProvider' is clicked on

2020-10-12 04:21:29 - [TEST_STEP][PASSED] - waitForElementPresent(findTestObject("Object Repository/Self serve objects/ConventionsButtonOnTopNav"), 0): Object 'Object Repository/Self serve objects/ConventionsButtonOnTopNav' is present

2020-10-12 04:21:29 - [MESSAGE][WARNING] - Timeout '0' is invalid. Using default page load timeout: '30'

2020-10-12 04:21:30 - [MESSAGE][PASSED] - Object 'Object Repository/Self serve objects/ConventionsButtonOnTopNav' is present

2020-10-12 04:21:30 - [TEST_STEP][PASSED] - click(findTestObject("Object Repository/Self serve objects/ConventionsButtonOnTopNav")): Object: 'Object Repository/Self serve objects/ConventionsButtonOnTopNav' is clicked on

2020-10-12 04:21:42 - [MESSAGE][PASSED] - Object: 'Object Repository/Self serve objects/ConventionsButtonOnTopNav' is clicked on

2020-10-12 04:21:42 - [TEST_STEP][PASSED] - waitForElementPresent(findTestObject("Object Repository/Self serve objects/ConventionsButtonOnTopNav"), 0): Object 'Object Repository/Self serve objects/ConventionsButtonOnTopNav' is present

2020-10-12 04:21:42 - [MESSAGE][WARNING] - Timeout '0' is invalid. Using default page load timeout: '30'

2020-10-12 04:21:43 - [MESSAGE][PASSED] - Object 'Object Repository/Self serve objects/ConventionsButtonOnTopNav' is present

2020-10-12 04:21:43 - [TEST_STEP][PASSED] - click(findTestObject("Object Repository/Self serve objects/ConventionsButtonOnTopNav")): Object: 'Object Repository/Self serve objects/ConventionsButtonOnTopNav' is clicked on

2020-10-12 04:21:47 - [MESSAGE][PASSED] - Object: 'Object Repository/Self serve objects/ConventionsButtonOnTopNav' is clicked on

2020-10-12 04:21:47 - [TEST_STEP][PASSED] - click(findTestObject("Object Repository/Self serve objects/EditConventionButtonInConventionspage", ["ConventionName":ConventionName])): Object: 'Object Repository/Self serve objects/EditConventionButtonInConventionspage' is clicked on

2020-10-12 04:22:07 - [MESSAGE][PASSED] - Object: 'Object Repository/Self serve objects/EditConventionButtonInConventionspage' is clicked on

2020-10-12 04:22:07 - [TEST_STEP][PASSED] - click(findTestObject("Object Repository/Self serve objects/ClickEndYear")): Object: 'Object Repository/Self serve objects/ClickEndYear' is clicked on

2020-10-12 04:22:08 - [MESSAGE][PASSED] - Object: 'Object Repository/Self serve objects/ClickEndYear' is clicked on

2020-10-12 04:22:08 - [TEST_STEP][PASSED] - yearstring = getText(findTestObject("Object Repository/Self serve objects/GetYearFromEndYearDropdown")): Text of object 'Object Repository/Self serve objects/GetYearFromEndYearDropdown' is: '2022'

2020-10-12 04:22:08 - [MESSAGE][PASSED] - Text of object 'Object Repository/Self serve objects/GetYearFromEndYearDropdown' is: '2022'

2020-10-12 04:22:08 - [TEST_STEP][PASSED] - year = Integer.parseInt(yearstring): null

2020-10-12 04:22:08 - [TEST_STEP][PASSED] - nextYear = year + 1: null

2020-10-12 04:22:08 - [TEST_STEP][PASSED] - click(findTestObject("Object Repository/Self serve objects/SelectEndyear", ["EndYear":nextYear])): Object: 'Object Repository/Self serve objects/SelectEndyear' is clicked on

2020-10-12 04:22:09 - [MESSAGE][PASSED] - Object: 'Object Repository/Self serve objects/SelectEndyear' is clicked on

2020-10-12 04:22:09 - [TEST_STEP][PASSED] - sendKeys(findTestObject("Object Repository/Self serve objects/MaxSessionsInput"), "1000"): Keys '1000' sent to object: 'Object Repository/Self serve objects/MaxSessionsInput'

2020-10-12 04:22:09 - [MESSAGE][PASSED] - Keys '1000' sent to object: 'Object Repository/Self serve objects/MaxSessionsInput'

2020-10-12 04:22:09 - [TEST_STEP][PASSED] - sendKeys(findTestObject("Object Repository/Self serve objects/SessionDurationMinutes"), Keys.chord(CONTROL, "a")): Keys 'CONTROL + a' sent to object: 'Object Repository/Self serve objects/SessionDurationMinutes'

2020-10-12 04:22:10 - [MESSAGE][PASSED] - Keys 'CONTROL + a' sent to object: 'Object Repository/Self serve objects/SessionDurationMinutes'

2020-10-12 04:22:10 - [TEST_STEP][PASSED] - sendKeys(findTestObject("Object Repository/Self serve objects/SessionDurationMinutes"), Keys.chord(BACK_SPACE)): Keys 'BACK_SPACE + ' sent to object: 'Object Repository/Self serve objects/SessionDurationMinutes'

2020-10-12 04:22:10 - [MESSAGE][PASSED] - Keys 'BACK_SPACE + ' sent to object: 'Object Repository/Self serve objects/SessionDurationMinutes'

2020-10-12 04:22:10 - [TEST_STEP][PASSED] - click(findTestObject("Object Repository/Self serve objects/UpdateConvention")): Object: 'Object Repository/Self serve objects/UpdateConvention' is clicked on

2020-10-12 04:22:11 - [MESSAGE][PASSED] - Object: 'Object Repository/Self serve objects/UpdateConvention' is clicked on

2020-10-12 04:22:11 - [TEST_STEP][PASSED] - delay(5): Delayed 5 second(s)

2020-10-12 04:22:16 - [MESSAGE][PASSED] - Delayed 5 second(s)]]></system-out>
         <system-err><![CDATA[]]></system-err>
      </testcase>
      <testcase name="Test Cases/Conventions/Login to Nacac sstudent app" time="12.875" classname="Test Cases/Conventions/Login to Nacac sstudent app" status="PASSED">
         <system-out><![CDATA[2020-10-12 04:22:18 - [TEST_CASE][PASSED] - Test Cases/Conventions/Login to Nacac sstudent app: Test Cases/Conventions/Login to Nacac sstudent app

2020-10-12 04:22:19 - [TEST_STEP][PASSED] - com.CommonUtilities.LoginAsDifferentUserPermissions.LoginToNacacStudentAppAsStudent(): com.CommonUtilities.LoginAsDifferentUserPermissions.LoginToNacacStudentAppAsStudent is PASSED

2020-10-12 04:22:20 - [MESSAGE][PASSED] - Navigate to 'https://nacac-charizard.visitdays.vercel.app/login/' successfully

2020-10-12 04:22:23 - [MESSAGE][PASSED] - Keys 'gowtham.test1@qualitlabs.com' sent to object: 'Object Repository/NacacStudentApp/SignUpPage/EmailTextField'

2020-10-12 04:22:24 - [MESSAGE][PASSED] - Keys 'Gowtham143.' sent to object: 'Object Repository/NacacStudentApp/SignUpPage/PasswordTextField'

2020-10-12 04:22:24 - [MESSAGE][PASSED] - Object: 'Object Repository/NacacStudentApp/HomePageElements/LoginButton' is clicked on

2020-10-12 04:22:24 - [MESSAGE][PASSED] - Wait for page load successfully

2020-10-12 04:22:29 - [MESSAGE][PASSED] - Delayed 5 second(s)

2020-10-12 04:22:29 - [MESSAGE][PASSED] - com.CommonUtilities.LoginAsDifferentUserPermissions.LoginToNacacStudentAppAsStudent is PASSED]]></system-out>
         <system-err><![CDATA[]]></system-err>
      </testcase>
      <testcase name="Test Cases/Conventions/AddVideoInAdminAndVerifyInStudentApp" time="91.604" classname="Test Cases/Conventions/AddVideoInAdminAndVerifyInStudentApp" status="FAILED">
         <failure type="FAILED" message="Test Cases/Conventions/AddVideoInAdminAndVerifyInStudentApp FAILED.
Reason:
com.kms.katalon.core.exception.StepFailedException: Unable to scroll to object 'Object Repository/NacacStudentApp/HomePageElements/VideosInExhibitorspage'
	at com.kms.katalon.core.webui.keyword.internal.WebUIKeywordMain.stepFailed(WebUIKeywordMain.groovy:64)
	at com.kms.katalon.core.webui.keyword.internal.WebUIKeywordMain.runKeyword(WebUIKeywordMain.groovy:26)
	at com.kms.katalon.core.webui.keyword.builtin.ScrollToElementKeyword.scrollToElement(ScrollToElementKeyword.groovy:88)
	at com.kms.katalon.core.webui.keyword.builtin.ScrollToElementKeyword.execute(ScrollToElementKeyword.groovy:68)
	at com.kms.katalon.core.keyword.internal.KeywordExecutor.executeKeywordForPlatform(KeywordExecutor.groovy:73)
	at com.kms.katalon.core.webui.keyword.WebUiBuiltInKeywords.scrollToElement(WebUiBuiltInKeywords.groovy:3432)
	at com.kms.katalon.core.webui.keyword.WebUiBuiltInKeywords$scrollToElement$12.call(Unknown Source)
	at AddVideoInAdminAndVerifyInStudentApp.run(AddVideoInAdminAndVerifyInStudentApp:52)
	at com.kms.katalon.core.main.ScriptEngine.run(ScriptEngine.java:194)
	at com.kms.katalon.core.main.ScriptEngine.runScriptAsRawText(ScriptEngine.java:119)
	at com.kms.katalon.core.main.TestCaseExecutor.runScript(TestCaseExecutor.java:339)
	at com.kms.katalon.core.main.TestCaseExecutor.doExecute(TestCaseExecutor.java:330)
	at com.kms.katalon.core.main.TestCaseExecutor.processExecutionPhase(TestCaseExecutor.java:309)
	at com.kms.katalon.core.main.TestCaseExecutor.accessMainPhase(TestCaseExecutor.java:301)
	at com.kms.katalon.core.main.TestCaseExecutor.execute(TestCaseExecutor.java:235)
	at com.kms.katalon.core.main.TestSuiteExecutor.accessTestCaseMainPhase(TestSuiteExecutor.java:191)
	at com.kms.katalon.core.main.TestSuiteExecutor.accessTestSuiteMainPhase(TestSuiteExecutor.java:141)
	at com.kms.katalon.core.main.TestSuiteExecutor.execute(TestSuiteExecutor.java:90)
	at com.kms.katalon.core.main.TestCaseMain.startTestSuite(TestCaseMain.java:157)
	at com.kms.katalon.core.main.TestCaseMain$startTestSuite$0.call(Unknown Source)
	at TempTestSuite1602490771550.run(TempTestSuite1602490771550.groovy:39)
Caused by: com.kms.katalon.core.webui.exception.WebElementNotFoundException: Web element with id: 'Object Repository/NacacStudentApp/HomePageElements/VideosInExhibitorspage' located by '//div[text()=&quot;video401&quot;]' not found
	at com.kms.katalon.core.webui.common.WebUiCommonHelper.findWebElement(WebUiCommonHelper.java:1368)
	at com.kms.katalon.core.webui.keyword.internal.WebUIAbstractKeyword.findWebElement(WebUIAbstractKeyword.groovy:27)
	at com.kms.katalon.core.webui.keyword.internal.WebUIAbstractKeyword.findWebElement(WebUIAbstractKeyword.groovy:26)
	at com.kms.katalon.core.webui.keyword.builtin.ScrollToElementKeyword$_scrollToElement_closure1.doCall(ScrollToElementKeyword.groovy:79)
	at com.kms.katalon.core.webui.keyword.builtin.ScrollToElementKeyword$_scrollToElement_closure1.call(ScrollToElementKeyword.groovy)
	at com.kms.katalon.core.webui.keyword.internal.WebUIKeywordMain.runKeyword(WebUIKeywordMain.groovy:20)
	... 19 more
"/>
         <system-out><![CDATA[2020-10-12 04:22:31 - [TEST_CASE][FAILED] - Test Cases/Conventions/AddVideoInAdminAndVerifyInStudentApp: Test Cases/Conventions/AddVideoInAdminAndVerifyInStudentApp FAILED.
Reason:
com.kms.katalon.core.exception.StepFailedException: Unable to scroll to object 'Object Repository/NacacStudentApp/HomePageElements/VideosInExhibitorspage'
	at com.kms.katalon.core.webui.keyword.internal.WebUIKeywordMain.stepFailed(WebUIKeywordMain.groovy:64)
	at com.kms.katalon.core.webui.keyword.internal.WebUIKeywordMain.runKeyword(WebUIKeywordMain.groovy:26)
	at com.kms.katalon.core.webui.keyword.builtin.ScrollToElementKeyword.scrollToElement(ScrollToElementKeyword.groovy:88)
	at com.kms.katalon.core.webui.keyword.builtin.ScrollToElementKeyword.execute(ScrollToElementKeyword.groovy:68)
	at com.kms.katalon.core.keyword.internal.KeywordExecutor.executeKeywordForPlatform(KeywordExecutor.groovy:73)
	at com.kms.katalon.core.webui.keyword.WebUiBuiltInKeywords.scrollToElement(WebUiBuiltInKeywords.groovy:3432)
	at com.kms.katalon.core.webui.keyword.WebUiBuiltInKeywords$scrollToElement$12.call(Unknown Source)
	at AddVideoInAdminAndVerifyInStudentApp.run(AddVideoInAdminAndVerifyInStudentApp:52)
	at com.kms.katalon.core.main.ScriptEngine.run(ScriptEngine.java:194)
	at com.kms.katalon.core.main.ScriptEngine.runScriptAsRawText(ScriptEngine.java:119)
	at com.kms.katalon.core.main.TestCaseExecutor.runScript(TestCaseExecutor.java:339)
	at com.kms.katalon.core.main.TestCaseExecutor.doExecute(TestCaseExecutor.java:330)
	at com.kms.katalon.core.main.TestCaseExecutor.processExecutionPhase(TestCaseExecutor.java:309)
	at com.kms.katalon.core.main.TestCaseExecutor.accessMainPhase(TestCaseExecutor.java:301)
	at com.kms.katalon.core.main.TestCaseExecutor.execute(TestCaseExecutor.java:235)
	at com.kms.katalon.core.main.TestSuiteExecutor.accessTestCaseMainPhase(TestSuiteExecutor.java:191)
	at com.kms.katalon.core.main.TestSuiteExecutor.accessTestSuiteMainPhase(TestSuiteExecutor.java:141)
	at com.kms.katalon.core.main.TestSuiteExecutor.execute(TestSuiteExecutor.java:90)
	at com.kms.katalon.core.main.TestCaseMain.startTestSuite(TestCaseMain.java:157)
	at com.kms.katalon.core.main.TestCaseMain$startTestSuite$0.call(Unknown Source)
	at TempTestSuite1602490771550.run(TempTestSuite1602490771550.groovy:39)
Caused by: com.kms.katalon.core.webui.exception.WebElementNotFoundException: Web element with id: 'Object Repository/NacacStudentApp/HomePageElements/VideosInExhibitorspage' located by '//div[text()="video401"]' not found
	at com.kms.katalon.core.webui.common.WebUiCommonHelper.findWebElement(WebUiCommonHelper.java:1368)
	at com.kms.katalon.core.webui.keyword.internal.WebUIAbstractKeyword.findWebElement(WebUIAbstractKeyword.groovy:27)
	at com.kms.katalon.core.webui.keyword.internal.WebUIAbstractKeyword.findWebElement(WebUIAbstractKeyword.groovy:26)
	at com.kms.katalon.core.webui.keyword.builtin.ScrollToElementKeyword$_scrollToElement_closure1.doCall(ScrollToElementKeyword.groovy:79)
	at com.kms.katalon.core.webui.keyword.builtin.ScrollToElementKeyword$_scrollToElement_closure1.call(ScrollToElementKeyword.groovy)
	at com.kms.katalon.core.webui.keyword.internal.WebUIKeywordMain.runKeyword(WebUIKeywordMain.groovy:20)
	... 19 more


2020-10-12 04:22:32 - [TEST_STEP][PASSED] - com.CommonUtilities.LoginAsDifferentUserPermissions.NavigateToHomePage(): com.CommonUtilities.LoginAsDifferentUserPermissions.NavigateToHomePage is PASSED

2020-10-12 04:22:33 - [MESSAGE][PASSED] - Navigate to 'https://charizard-admin.visitdays.com/' successfully

2020-10-12 04:22:33 - [MESSAGE][WARNING] - Timeout '0' is invalid. Using default page load timeout: '30'

2020-10-12 04:22:37 - [MESSAGE][PASSED] - Object 'Object Repository/HomePageElements/ProfileAvatar' is present

2020-10-12 04:22:37 - [MESSAGE][WARNING] - Timeout '0' is invalid. Using default page load timeout: '30'

2020-10-12 04:22:37 - [MESSAGE][PASSED] - Object 'Object Repository/HomePageElements/SchoolProdoutNav' is present

2020-10-12 04:22:37 - [MESSAGE][PASSED] - Object: 'Object Repository/HomePageElements/SchoolProdoutNav' is clicked on

2020-10-12 04:22:37 - [MESSAGE][PASSED] - com.CommonUtilities.LoginAsDifferentUserPermissions.NavigateToHomePage is PASSED

2020-10-12 04:22:37 - [TEST_STEP][PASSED] - conventionName = com.CommonUtilities.CreateMeeting.getConvention(): com.CommonUtilities.CreateMeeting.getConvention is PASSED

2020-10-12 04:22:39 - [MESSAGE][PASSED] - Object: 'Object Repository/HomePageElements/PersonIcon' is clicked on

2020-10-12 04:22:40 - [MESSAGE][PASSED] - Object: 'Object Repository/HomePageElements/NacacConventionslink' is clicked on

2020-10-12 04:22:48 - [MESSAGE][PASSED] - Object: 'Object Repository/ConventionsPageAdmin/Conventionsleftnav' is clicked on

2020-10-12 04:22:49 - [MESSAGE][PASSED] - Object: 'Object Repository/ConventionsPageAdmin/LiveSessionleftNavInSubMenu' is clicked on

2020-10-12 04:22:49 - [MESSAGE][PASSED] - Object: 'Object Repository/ConventionsPageAdmin/CreateButtonInLiveSessions' is clicked on

2020-10-12 04:22:49 - [MESSAGE][PASSED] - Wait for page load successfully

2020-10-12 04:22:51 - [MESSAGE][PASSED] - Text of object 'Object Repository/ConventionsPageAdmin/getNameOfFirstConvention' is: 'June In Progress Demo'

2020-10-12 04:22:51 - [MESSAGE][PASSED] - com.CommonUtilities.CreateMeeting.getConvention is PASSED

2020-10-12 04:22:51 - [TEST_STEP][PASSED] - videoName = com.CommonUtilities.VideoLibrary.addVideoToVideoLibrary(): com.CommonUtilities.VideoLibrary.addVideoToVideoLibrary is PASSED

2020-10-12 04:22:51 - [MESSAGE][PASSED] - Object: 'Object Repository/HomePageElements/PersonIcon' is clicked on

2020-10-12 04:22:52 - [MESSAGE][PASSED] - Object: 'Object Repository/HomePageElements/NacacConventionslink' is clicked on

2020-10-12 04:22:58 - [MESSAGE][PASSED] - Object: 'Object Repository/ConventionsPageAdmin/Conventionsleftnav' is clicked on

2020-10-12 04:22:59 - [MESSAGE][PASSED] - Object: 'Object Repository/ConventionsPageAdmin/VideoLibraryLeftnav' is clicked on

2020-10-12 04:23:02 - [MESSAGE][PASSED] - Object: 'Object Repository/ConventionsPageAdmin/AddButtonInVideoLibraryPage' is clicked on

2020-10-12 04:23:02 - [MESSAGE][WARNING] - Timeout '0' is invalid. Using default page load timeout: '30'

2020-10-12 04:23:04 - [MESSAGE][PASSED] - Object 'Object Repository/ConventionsPageAdmin/VideoName' is present

2020-10-12 04:23:05 - [MESSAGE][PASSED] - Text 'video401' is set on object 'Object Repository/ConventionsPageAdmin/VideoName'

2020-10-12 04:23:06 - [MESSAGE][PASSED] - Text 'https://youtu.be/tVlz6lYxGX8' is set on object 'Object Repository/ConventionsPageAdmin/YoutubetextField'

2020-10-12 04:23:06 - [MESSAGE][PASSED] - Object: 'Object Repository/ConventionsPageAdmin/saveButtonInVideo' is clicked on

2020-10-12 04:23:06 - [MESSAGE][PASSED] - com.CommonUtilities.VideoLibrary.addVideoToVideoLibrary is PASSED

2020-10-12 04:23:06 - [TEST_STEP][PASSED] - institutionName = com.CommonUtilities.GetInstitutionName.getInstitutionNameFromAdminApp(): com.CommonUtilities.GetInstitutionName.getInstitutionNameFromAdminApp is PASSED

2020-10-12 04:23:07 - [MESSAGE][PASSED] - Navigate to 'https://charizard-admin.visitdays.com/' successfully

2020-10-12 04:23:07 - [MESSAGE][WARNING] - Timeout '0' is invalid. Using default page load timeout: '30'

2020-10-12 04:23:07 - [MESSAGE][PASSED] - Wait for page load successfully

2020-10-12 04:23:10 - [MESSAGE][PASSED] - Text of object 'Object Repository/ConventionsPageAdmin/SelectInstitutionName' is: 'BB Testing
swap_horiz'

2020-10-12 04:23:10 - [MESSAGE][PASSED] - com.CommonUtilities.GetInstitutionName.getInstitutionNameFromAdminApp is PASSED

2020-10-12 04:23:10 - [TEST_STEP][PASSED] - com.CommonUtilities.LoginAsDifferentUserPermissions.NavigateToNacacHomePage(): com.CommonUtilities.LoginAsDifferentUserPermissions.NavigateToNacacHomePage is PASSED

2020-10-12 04:23:12 - [MESSAGE][PASSED] - Navigate to 'https://nacac-charizard.visitdays.vercel.app/events' successfully

2020-10-12 04:23:12 - [MESSAGE][WARNING] - Timeout '0' is invalid. Using default page load timeout: '30'

2020-10-12 04:23:14 - [MESSAGE][PASSED] - Object 'Object Repository/NacacStudentApp/HomePageElements/UpcomingOptionInHomePage' is present

2020-10-12 04:23:14 - [MESSAGE][PASSED] - com.CommonUtilities.LoginAsDifferentUserPermissions.NavigateToNacacHomePage is PASSED

2020-10-12 04:23:14 - [TEST_STEP][PASSED] - click(findTestObject("NacacStudentApp/HomePageElements/SelectConventionInHomePage", ["Name":conventionName])): Object: 'Object Repository/NacacStudentApp/HomePageElements/SelectConventionInHomePage' is clicked on

2020-10-12 04:23:15 - [MESSAGE][PASSED] - Object: 'Object Repository/NacacStudentApp/HomePageElements/SelectConventionInHomePage' is clicked on

2020-10-12 04:23:15 - [TEST_STEP][PASSED] - delay(5): Delayed 5 second(s)

2020-10-12 04:23:20 - [MESSAGE][PASSED] - Delayed 5 second(s)

2020-10-12 04:23:20 - [TEST_STEP][PASSED] - element = findWebElement(findTestObject("NacacStudentApp/HomePageElements/CollegesTabInExhibitorsPage"), 0): Timeout '0' is invalid. Using default page load timeout: '30'

2020-10-12 04:23:20 - [MESSAGE][WARNING] - Timeout '0' is invalid. Using default page load timeout: '30'

2020-10-12 04:23:20 - [TEST_STEP][PASSED] - executeJavaScript("arguments[0].click()", Arrays.asList(element)): Execute JavaScript 'arguments[0].click()' successfully

2020-10-12 04:23:20 - [MESSAGE][PASSED] - Execute JavaScript 'arguments[0].click()' successfully

2020-10-12 04:23:20 - [TEST_STEP][PASSED] - if (verifyElementPresent(findTestObject("Object Repository/NacacStudentApp/HomePageElements/LoadMoreButton"), 5, OPTIONAL)): com.kms.katalon.core.webui.exception.WebElementNotFoundException: Web element with id: 'Object Repository/NacacStudentApp/HomePageElements/LoadMoreButton' located by '//button//span[text()="Load More"]' not found (Root cause: com.kms.katalon.core.exception.StepFailedException: com.kms.katalon.core.webui.exception.WebElementNotFoundException: Web element with id: 'Object Repository/NacacStudentApp/HomePageElements/LoadMoreButton' located by '//button//span[text()="Load More"]' not found
	at com.kms.katalon.core.webui.keyword.internal.WebUIKeywordMain.stepFailed(WebUIKeywordMain.groovy:64)
	at com.kms.katalon.core.webui.keyword.builtin.VerifyElementPresentKeyword$_verifyElementPresent_closure1.doCall(VerifyElementPresentKeyword.groovy:85)
	at com.kms.katalon.core.webui.keyword.builtin.VerifyElementPresentKeyword$_verifyElementPresent_closure1.call(VerifyElementPresentKeyword.groovy)
	at com.kms.katalon.core.webui.keyword.internal.WebUIKeywordMain.runKeyword(WebUIKeywordMain.groovy:20)
	at com.kms.katalon.core.webui.keyword.builtin.VerifyElementPresentKeyword.verifyElementPresent(VerifyElementPresentKeyword.groovy:92)
	at com.kms.katalon.core.webui.keyword.builtin.VerifyElementPresentKeyword.execute(VerifyElementPresentKeyword.groovy:68)
	at com.kms.katalon.core.keyword.internal.KeywordExecutor.executeKeywordForPlatform(KeywordExecutor.groovy:73)
	at com.kms.katalon.core.webui.keyword.WebUiBuiltInKeywords.verifyElementPresent(WebUiBuiltInKeywords.groovy:1445)
	at com.kms.katalon.core.webui.keyword.WebUiBuiltInKeywords$verifyElementPresent$7.call(Unknown Source)
	at AddVideoInAdminAndVerifyInStudentApp.run(AddVideoInAdminAndVerifyInStudentApp:41)
	at com.kms.katalon.core.main.ScriptEngine.run(ScriptEngine.java:194)
	at com.kms.katalon.core.main.ScriptEngine.runScriptAsRawText(ScriptEngine.java:119)
	at com.kms.katalon.core.main.TestCaseExecutor.runScript(TestCaseExecutor.java:339)
	at com.kms.katalon.core.main.TestCaseExecutor.doExecute(TestCaseExecutor.java:330)
	at com.kms.katalon.core.main.TestCaseExecutor.processExecutionPhase(TestCaseExecutor.java:309)
	at com.kms.katalon.core.main.TestCaseExecutor.accessMainPhase(TestCaseExecutor.java:301)
	at com.kms.katalon.core.main.TestCaseExecutor.execute(TestCaseExecutor.java:235)
	at com.kms.katalon.core.main.TestSuiteExecutor.accessTestCaseMainPhase(TestSuiteExecutor.java:191)
	at com.kms.katalon.core.main.TestSuiteExecutor.accessTestSuiteMainPhase(TestSuiteExecutor.java:141)
	at com.kms.katalon.core.main.TestSuiteExecutor.execute(TestSuiteExecutor.java:90)
	at com.kms.katalon.core.main.TestCaseMain.startTestSuite(TestCaseMain.java:157)
	at com.kms.katalon.core.main.TestCaseMain$startTestSuite$0.call(Unknown Source)
	at TempTestSuite1602490771550.run(TempTestSuite1602490771550.groovy:39)
)

2020-10-12 04:23:26 - [MESSAGE][INFO] - Unable to find the element located by 'By.xpath: //button//span[text()="Load More"]'. Please recheck the objects properties to make sure the desired element is located. 

2020-10-12 04:23:27 - [MESSAGE][WARNING] - com.kms.katalon.core.webui.exception.WebElementNotFoundException: Web element with id: 'Object Repository/NacacStudentApp/HomePageElements/LoadMoreButton' located by '//button//span[text()="Load More"]' not found (Root cause: com.kms.katalon.core.exception.StepFailedException: com.kms.katalon.core.webui.exception.WebElementNotFoundException: Web element with id: 'Object Repository/NacacStudentApp/HomePageElements/LoadMoreButton' located by '//button//span[text()="Load More"]' not found
	at com.kms.katalon.core.webui.keyword.internal.WebUIKeywordMain.stepFailed(WebUIKeywordMain.groovy:64)
	at com.kms.katalon.core.webui.keyword.builtin.VerifyElementPresentKeyword$_verifyElementPresent_closure1.doCall(VerifyElementPresentKeyword.groovy:85)
	at com.kms.katalon.core.webui.keyword.builtin.VerifyElementPresentKeyword$_verifyElementPresent_closure1.call(VerifyElementPresentKeyword.groovy)
	at com.kms.katalon.core.webui.keyword.internal.WebUIKeywordMain.runKeyword(WebUIKeywordMain.groovy:20)
	at com.kms.katalon.core.webui.keyword.builtin.VerifyElementPresentKeyword.verifyElementPresent(VerifyElementPresentKeyword.groovy:92)
	at com.kms.katalon.core.webui.keyword.builtin.VerifyElementPresentKeyword.execute(VerifyElementPresentKeyword.groovy:68)
	at com.kms.katalon.core.keyword.internal.KeywordExecutor.executeKeywordForPlatform(KeywordExecutor.groovy:73)
	at com.kms.katalon.core.webui.keyword.WebUiBuiltInKeywords.verifyElementPresent(WebUiBuiltInKeywords.groovy:1445)
	at com.kms.katalon.core.webui.keyword.WebUiBuiltInKeywords$verifyElementPresent$7.call(Unknown Source)
	at AddVideoInAdminAndVerifyInStudentApp.run(AddVideoInAdminAndVerifyInStudentApp:41)
	at com.kms.katalon.core.main.ScriptEngine.run(ScriptEngine.java:194)
	at com.kms.katalon.core.main.ScriptEngine.runScriptAsRawText(ScriptEngine.java:119)
	at com.kms.katalon.core.main.TestCaseExecutor.runScript(TestCaseExecutor.java:339)
	at com.kms.katalon.core.main.TestCaseExecutor.doExecute(TestCaseExecutor.java:330)
	at com.kms.katalon.core.main.TestCaseExecutor.processExecutionPhase(TestCaseExecutor.java:309)
	at com.kms.katalon.core.main.TestCaseExecutor.accessMainPhase(TestCaseExecutor.java:301)
	at com.kms.katalon.core.main.TestCaseExecutor.execute(TestCaseExecutor.java:235)
	at com.kms.katalon.core.main.TestSuiteExecutor.accessTestCaseMainPhase(TestSuiteExecutor.java:191)
	at com.kms.katalon.core.main.TestSuiteExecutor.accessTestSuiteMainPhase(TestSuiteExecutor.java:141)
	at com.kms.katalon.core.main.TestSuiteExecutor.execute(TestSuiteExecutor.java:90)
	at com.kms.katalon.core.main.TestCaseMain.startTestSuite(TestCaseMain.java:157)
	at com.kms.katalon.core.main.TestCaseMain$startTestSuite$0.call(Unknown Source)
	at TempTestSuite1602490771550.run(TempTestSuite1602490771550.groovy:39)
)
[[ATTACHMENT|E:\\CopyOfVisitDaysTests\\Reports\\20201012_041931\\NACAC\\20201012_041931\\1602491006603.png]]

2020-10-12 04:23:27 - [TEST_STEP][PASSED] - waitForElementPresent(findTestObject("NacacStudentApp/HomePageElements/CollegeName", ["Exhibitor":institutionName]), 0): Object 'Object Repository/NacacStudentApp/HomePageElements/CollegeName' is present

2020-10-12 04:23:27 - [MESSAGE][WARNING] - Timeout '0' is invalid. Using default page load timeout: '30'

2020-10-12 04:23:27 - [MESSAGE][PASSED] - Object 'Object Repository/NacacStudentApp/HomePageElements/CollegeName' is present

2020-10-12 04:23:27 - [TEST_STEP][PASSED] - click(findTestObject("NacacStudentApp/HomePageElements/CollegeName", ["Exhibitor":institutionName])): Object: 'Object Repository/NacacStudentApp/HomePageElements/CollegeName' is clicked on

2020-10-12 04:23:28 - [MESSAGE][PASSED] - Object: 'Object Repository/NacacStudentApp/HomePageElements/CollegeName' is clicked on

2020-10-12 04:23:28 - [TEST_STEP][PASSED] - click(findTestObject("Object Repository/ConventionsPageAdmin/VideosTabInExhibitorsPage")): Object: 'Object Repository/ConventionsPageAdmin/VideosTabInExhibitorsPage' is clicked on

2020-10-12 04:23:29 - [MESSAGE][PASSED] - Object: 'Object Repository/ConventionsPageAdmin/VideosTabInExhibitorsPage' is clicked on

2020-10-12 04:23:29 - [TEST_STEP][FAILED] - scrollToElement(findTestObject("Object Repository/NacacStudentApp/HomePageElements/VideosInExhibitorspage", ["Video":videoName]), 0): Unable to scroll to object 'Object Repository/NacacStudentApp/HomePageElements/VideosInExhibitorspage' (Root cause: com.kms.katalon.core.exception.StepFailedException: Unable to scroll to object 'Object Repository/NacacStudentApp/HomePageElements/VideosInExhibitorspage'
	at com.kms.katalon.core.webui.keyword.internal.WebUIKeywordMain.stepFailed(WebUIKeywordMain.groovy:64)
	at com.kms.katalon.core.webui.keyword.internal.WebUIKeywordMain.runKeyword(WebUIKeywordMain.groovy:26)
	at com.kms.katalon.core.webui.keyword.builtin.ScrollToElementKeyword.scrollToElement(ScrollToElementKeyword.groovy:88)
	at com.kms.katalon.core.webui.keyword.builtin.ScrollToElementKeyword.execute(ScrollToElementKeyword.groovy:68)
	at com.kms.katalon.core.keyword.internal.KeywordExecutor.executeKeywordForPlatform(KeywordExecutor.groovy:73)
	at com.kms.katalon.core.webui.keyword.WebUiBuiltInKeywords.scrollToElement(WebUiBuiltInKeywords.groovy:3432)
	at com.kms.katalon.core.webui.keyword.WebUiBuiltInKeywords$scrollToElement$12.call(Unknown Source)
	at AddVideoInAdminAndVerifyInStudentApp.run(AddVideoInAdminAndVerifyInStudentApp:52)
	at com.kms.katalon.core.main.ScriptEngine.run(ScriptEngine.java:194)
	at com.kms.katalon.core.main.ScriptEngine.runScriptAsRawText(ScriptEngine.java:119)
	at com.kms.katalon.core.main.TestCaseExecutor.runScript(TestCaseExecutor.java:339)
	at com.kms.katalon.core.main.TestCaseExecutor.doExecute(TestCaseExecutor.java:330)
	at com.kms.katalon.core.main.TestCaseExecutor.processExecutionPhase(TestCaseExecutor.java:309)
	at com.kms.katalon.core.main.TestCaseExecutor.accessMainPhase(TestCaseExecutor.java:301)
	at com.kms.katalon.core.main.TestCaseExecutor.execute(TestCaseExecutor.java:235)
	at com.kms.katalon.core.main.TestSuiteExecutor.accessTestCaseMainPhase(TestSuiteExecutor.java:191)
	at com.kms.katalon.core.main.TestSuiteExecutor.accessTestSuiteMainPhase(TestSuiteExecutor.java:141)
	at com.kms.katalon.core.main.TestSuiteExecutor.execute(TestSuiteExecutor.java:90)
	at com.kms.katalon.core.main.TestCaseMain.startTestSuite(TestCaseMain.java:157)
	at com.kms.katalon.core.main.TestCaseMain$startTestSuite$0.call(Unknown Source)
	at TempTestSuite1602490771550.run(TempTestSuite1602490771550.groovy:39)
Caused by: com.kms.katalon.core.webui.exception.WebElementNotFoundException: Web element with id: 'Object Repository/NacacStudentApp/HomePageElements/VideosInExhibitorspage' located by '//div[text()="video401"]' not found
	at com.kms.katalon.core.webui.common.WebUiCommonHelper.findWebElement(WebUiCommonHelper.java:1368)
	at com.kms.katalon.core.webui.keyword.internal.WebUIAbstractKeyword.findWebElement(WebUIAbstractKeyword.groovy:27)
	at com.kms.katalon.core.webui.keyword.internal.WebUIAbstractKeyword.findWebElement(WebUIAbstractKeyword.groovy:26)
	at com.kms.katalon.core.webui.keyword.builtin.ScrollToElementKeyword$_scrollToElement_closure1.doCall(ScrollToElementKeyword.groovy:79)
	at com.kms.katalon.core.webui.keyword.builtin.ScrollToElementKeyword$_scrollToElement_closure1.call(ScrollToElementKeyword.groovy)
	at com.kms.katalon.core.webui.keyword.internal.WebUIKeywordMain.runKeyword(WebUIKeywordMain.groovy:20)
	at com.kms.katalon.core.webui.keyword.builtin.ScrollToElementKeyword.scrollToElement(ScrollToElementKeyword.groovy:88)
	at com.kms.katalon.core.webui.keyword.builtin.ScrollToElementKeyword.execute(ScrollToElementKeyword.groovy:68)
	at com.kms.katalon.core.keyword.internal.KeywordExecutor.executeKeywordForPlatform(KeywordExecutor.groovy:73)
	at com.kms.katalon.core.webui.keyword.WebUiBuiltInKeywords.scrollToElement(WebUiBuiltInKeywords.groovy:3432)
	at com.kms.katalon.core.webui.keyword.WebUiBuiltInKeywords$scrollToElement$12.call(Unknown Source)
	at Script1599221627373.run(Script1599221627373.groovy:52)
	... 13 more
)

2020-10-12 04:23:29 - [MESSAGE][WARNING] - Timeout '0' is invalid. Using default page load timeout: '30'

2020-10-12 04:24:00 - [MESSAGE][INFO] - Unable to find the element located by 'By.xpath: //div[text()="video401"]'. Please recheck the objects properties to make sure the desired element is located. 

2020-10-12 04:24:01 - [MESSAGE][FAILED] - Unable to scroll to object 'Object Repository/NacacStudentApp/HomePageElements/VideosInExhibitorspage' (Root cause: com.kms.katalon.core.exception.StepFailedException: Unable to scroll to object 'Object Repository/NacacStudentApp/HomePageElements/VideosInExhibitorspage'
	at com.kms.katalon.core.webui.keyword.internal.WebUIKeywordMain.stepFailed(WebUIKeywordMain.groovy:64)
	at com.kms.katalon.core.webui.keyword.internal.WebUIKeywordMain.runKeyword(WebUIKeywordMain.groovy:26)
	at com.kms.katalon.core.webui.keyword.builtin.ScrollToElementKeyword.scrollToElement(ScrollToElementKeyword.groovy:88)
	at com.kms.katalon.core.webui.keyword.builtin.ScrollToElementKeyword.execute(ScrollToElementKeyword.groovy:68)
	at com.kms.katalon.core.keyword.internal.KeywordExecutor.executeKeywordForPlatform(KeywordExecutor.groovy:73)
	at com.kms.katalon.core.webui.keyword.WebUiBuiltInKeywords.scrollToElement(WebUiBuiltInKeywords.groovy:3432)
	at com.kms.katalon.core.webui.keyword.WebUiBuiltInKeywords$scrollToElement$12.call(Unknown Source)
	at AddVideoInAdminAndVerifyInStudentApp.run(AddVideoInAdminAndVerifyInStudentApp:52)
	at com.kms.katalon.core.main.ScriptEngine.run(ScriptEngine.java:194)
	at com.kms.katalon.core.main.ScriptEngine.runScriptAsRawText(ScriptEngine.java:119)
	at com.kms.katalon.core.main.TestCaseExecutor.runScript(TestCaseExecutor.java:339)
	at com.kms.katalon.core.main.TestCaseExecutor.doExecute(TestCaseExecutor.java:330)
	at com.kms.katalon.core.main.TestCaseExecutor.processExecutionPhase(TestCaseExecutor.java:309)
	at com.kms.katalon.core.main.TestCaseExecutor.accessMainPhase(TestCaseExecutor.java:301)
	at com.kms.katalon.core.main.TestCaseExecutor.execute(TestCaseExecutor.java:235)
	at com.kms.katalon.core.main.TestSuiteExecutor.accessTestCaseMainPhase(TestSuiteExecutor.java:191)
	at com.kms.katalon.core.main.TestSuiteExecutor.accessTestSuiteMainPhase(TestSuiteExecutor.java:141)
	at com.kms.katalon.core.main.TestSuiteExecutor.execute(TestSuiteExecutor.java:90)
	at com.kms.katalon.core.main.TestCaseMain.startTestSuite(TestCaseMain.java:157)
	at com.kms.katalon.core.main.TestCaseMain$startTestSuite$0.call(Unknown Source)
	at TempTestSuite1602490771550.run(TempTestSuite1602490771550.groovy:39)
Caused by: com.kms.katalon.core.webui.exception.WebElementNotFoundException: Web element with id: 'Object Repository/NacacStudentApp/HomePageElements/VideosInExhibitorspage' located by '//div[text()="video401"]' not found
	at com.kms.katalon.core.webui.common.WebUiCommonHelper.findWebElement(WebUiCommonHelper.java:1368)
	at com.kms.katalon.core.webui.keyword.internal.WebUIAbstractKeyword.findWebElement(WebUIAbstractKeyword.groovy:27)
	at com.kms.katalon.core.webui.keyword.internal.WebUIAbstractKeyword.findWebElement(WebUIAbstractKeyword.groovy:26)
	at com.kms.katalon.core.webui.keyword.builtin.ScrollToElementKeyword$_scrollToElement_closure1.doCall(ScrollToElementKeyword.groovy:79)
	at com.kms.katalon.core.webui.keyword.builtin.ScrollToElementKeyword$_scrollToElement_closure1.call(ScrollToElementKeyword.groovy)
	at com.kms.katalon.core.webui.keyword.internal.WebUIKeywordMain.runKeyword(WebUIKeywordMain.groovy:20)
	at com.kms.katalon.core.webui.keyword.builtin.ScrollToElementKeyword.scrollToElement(ScrollToElementKeyword.groovy:88)
	at com.kms.katalon.core.webui.keyword.builtin.ScrollToElementKeyword.execute(ScrollToElementKeyword.groovy:68)
	at com.kms.katalon.core.keyword.internal.KeywordExecutor.executeKeywordForPlatform(KeywordExecutor.groovy:73)
	at com.kms.katalon.core.webui.keyword.WebUiBuiltInKeywords.scrollToElement(WebUiBuiltInKeywords.groovy:3432)
	at com.kms.katalon.core.webui.keyword.WebUiBuiltInKeywords$scrollToElement$12.call(Unknown Source)
	at Script1599221627373.run(Script1599221627373.groovy:52)
	... 13 more
)
[[ATTACHMENT|E:\\CopyOfVisitDaysTests\\Reports\\20201012_041931\\NACAC\\20201012_041931\\1602491040301.png]]

2020-10-12 04:24:03 - [TEST_STEP][PASSED] - Video: Video recording for test case 'Test Cases/Conventions/AddVideoInAdminAndVerifyInStudentApp' .

2020-10-12 04:24:03 - [MESSAGE][INFO] - Video recording for test case 'Test Cases/Conventions/AddVideoInAdminAndVerifyInStudentApp' .
[[ATTACHMENT|E:\CopyOfVisitDaysTests\Reports\20201012_041931\NACAC\20201012_041931/videos\test_4.mov]]]]></system-out>
         <system-err><![CDATA[2020-10-12 04:22:31 - [TEST_CASE][FAILED] - Test Cases/Conventions/AddVideoInAdminAndVerifyInStudentApp: Test Cases/Conventions/AddVideoInAdminAndVerifyInStudentApp FAILED.
Reason:
com.kms.katalon.core.exception.StepFailedException: Unable to scroll to object 'Object Repository/NacacStudentApp/HomePageElements/VideosInExhibitorspage'
	at com.kms.katalon.core.webui.keyword.internal.WebUIKeywordMain.stepFailed(WebUIKeywordMain.groovy:64)
	at com.kms.katalon.core.webui.keyword.internal.WebUIKeywordMain.runKeyword(WebUIKeywordMain.groovy:26)
	at com.kms.katalon.core.webui.keyword.builtin.ScrollToElementKeyword.scrollToElement(ScrollToElementKeyword.groovy:88)
	at com.kms.katalon.core.webui.keyword.builtin.ScrollToElementKeyword.execute(ScrollToElementKeyword.groovy:68)
	at com.kms.katalon.core.keyword.internal.KeywordExecutor.executeKeywordForPlatform(KeywordExecutor.groovy:73)
	at com.kms.katalon.core.webui.keyword.WebUiBuiltInKeywords.scrollToElement(WebUiBuiltInKeywords.groovy:3432)
	at com.kms.katalon.core.webui.keyword.WebUiBuiltInKeywords$scrollToElement$12.call(Unknown Source)
	at AddVideoInAdminAndVerifyInStudentApp.run(AddVideoInAdminAndVerifyInStudentApp:52)
	at com.kms.katalon.core.main.ScriptEngine.run(ScriptEngine.java:194)
	at com.kms.katalon.core.main.ScriptEngine.runScriptAsRawText(ScriptEngine.java:119)
	at com.kms.katalon.core.main.TestCaseExecutor.runScript(TestCaseExecutor.java:339)
	at com.kms.katalon.core.main.TestCaseExecutor.doExecute(TestCaseExecutor.java:330)
	at com.kms.katalon.core.main.TestCaseExecutor.processExecutionPhase(TestCaseExecutor.java:309)
	at com.kms.katalon.core.main.TestCaseExecutor.accessMainPhase(TestCaseExecutor.java:301)
	at com.kms.katalon.core.main.TestCaseExecutor.execute(TestCaseExecutor.java:235)
	at com.kms.katalon.core.main.TestSuiteExecutor.accessTestCaseMainPhase(TestSuiteExecutor.java:191)
	at com.kms.katalon.core.main.TestSuiteExecutor.accessTestSuiteMainPhase(TestSuiteExecutor.java:141)
	at com.kms.katalon.core.main.TestSuiteExecutor.execute(TestSuiteExecutor.java:90)
	at com.kms.katalon.core.main.TestCaseMain.startTestSuite(TestCaseMain.java:157)
	at com.kms.katalon.core.main.TestCaseMain$startTestSuite$0.call(Unknown Source)
	at TempTestSuite1602490771550.run(TempTestSuite1602490771550.groovy:39)
Caused by: com.kms.katalon.core.webui.exception.WebElementNotFoundException: Web element with id: 'Object Repository/NacacStudentApp/HomePageElements/VideosInExhibitorspage' located by '//div[text()="video401"]' not found
	at com.kms.katalon.core.webui.common.WebUiCommonHelper.findWebElement(WebUiCommonHelper.java:1368)
	at com.kms.katalon.core.webui.keyword.internal.WebUIAbstractKeyword.findWebElement(WebUIAbstractKeyword.groovy:27)
	at com.kms.katalon.core.webui.keyword.internal.WebUIAbstractKeyword.findWebElement(WebUIAbstractKeyword.groovy:26)
	at com.kms.katalon.core.webui.keyword.builtin.ScrollToElementKeyword$_scrollToElement_closure1.doCall(ScrollToElementKeyword.groovy:79)
	at com.kms.katalon.core.webui.keyword.builtin.ScrollToElementKeyword$_scrollToElement_closure1.call(ScrollToElementKeyword.groovy)
	at com.kms.katalon.core.webui.keyword.internal.WebUIKeywordMain.runKeyword(WebUIKeywordMain.groovy:20)
	... 19 more]]></system-err>
      </testcase>
      <testcase name="Test Cases/Conventions/CreateLiveSessionAndVerifyInStudentApp" time="87.837" classname="Test Cases/Conventions/CreateLiveSessionAndVerifyInStudentApp" status="PASSED">
         <system-out><![CDATA[2020-10-12 04:24:03 - [TEST_CASE][PASSED] - Test Cases/Conventions/CreateLiveSessionAndVerifyInStudentApp: Test Cases/Conventions/CreateLiveSessionAndVerifyInStudentApp

2020-10-12 04:24:03 - [TEST_STEP][PASSED] - com.CommonUtilities.LoginAsDifferentUserPermissions.NavigateToHomePage(): com.CommonUtilities.LoginAsDifferentUserPermissions.NavigateToHomePage is PASSED

2020-10-12 04:24:04 - [MESSAGE][PASSED] - Navigate to 'https://charizard-admin.visitdays.com/' successfully

2020-10-12 04:24:04 - [MESSAGE][WARNING] - Timeout '0' is invalid. Using default page load timeout: '30'

2020-10-12 04:24:07 - [MESSAGE][PASSED] - Object 'Object Repository/HomePageElements/ProfileAvatar' is present

2020-10-12 04:24:08 - [MESSAGE][WARNING] - Timeout '0' is invalid. Using default page load timeout: '30'

2020-10-12 04:24:08 - [MESSAGE][PASSED] - Object 'Object Repository/HomePageElements/SchoolProdoutNav' is present

2020-10-12 04:24:08 - [MESSAGE][PASSED] - Object: 'Object Repository/HomePageElements/SchoolProdoutNav' is clicked on

2020-10-12 04:24:08 - [MESSAGE][PASSED] - com.CommonUtilities.LoginAsDifferentUserPermissions.NavigateToHomePage is PASSED

2020-10-12 04:24:08 - [TEST_STEP][PASSED] - conventionName = com.CommonUtilities.CreateLiveSession.selectConvention(): com.CommonUtilities.CreateLiveSession.selectConvention is PASSED

2020-10-12 04:24:09 - [MESSAGE][PASSED] - Object: 'Object Repository/HomePageElements/PersonIcon' is clicked on

2020-10-12 04:24:10 - [MESSAGE][PASSED] - Object: 'Object Repository/HomePageElements/NacacConventionslink' is clicked on

2020-10-12 04:24:19 - [MESSAGE][PASSED] - Object: 'Object Repository/ConventionsPageAdmin/Conventionsleftnav' is clicked on

2020-10-12 04:24:19 - [MESSAGE][PASSED] - Object: 'Object Repository/ConventionsPageAdmin/CreateButtonInLiveSessions' is clicked on

2020-10-12 04:24:19 - [MESSAGE][PASSED] - Wait for page load successfully

2020-10-12 04:24:21 - [MESSAGE][PASSED] - Text of object 'Object Repository/ConventionsPageAdmin/getNameOfFirstConvention' is: 'June In Progress Demo'

2020-10-12 04:24:21 - [MESSAGE][PASSED] - Object: 'Object Repository/ConventionsPageAdmin/ClickFirstConventionInCreatingLiveSessions' is clicked on

2020-10-12 04:24:21 - [MESSAGE][PASSED] - com.CommonUtilities.CreateLiveSession.selectConvention is PASSED

2020-10-12 04:24:21 - [TEST_STEP][PASSED] - meetname = com.CommonUtilities.CreateLiveSession.enterLiveSessionDetailsAndTime(): com.CommonUtilities.CreateLiveSession.enterLiveSessionDetailsAndTime is PASSED

2020-10-12 04:24:22 - [MESSAGE][PASSED] - Text 'TestSession46081' is set on object 'Object Repository/ConventionsPageAdmin/Name field'

2020-10-12 04:24:23 - [MESSAGE][PASSED] - Keys 'this is test description' sent to object: 'Object Repository/ConventionsPageAdmin/Descriptionfield'

2020-10-12 04:24:23 - [MESSAGE][PASSED] - Keys '10/12/2020' sent to object: 'Object Repository/ConventionsPageAdmin/dateFieldAtStartTime'

2020-10-12 04:24:24 - [MESSAGE][PASSED] - Object: 'Object Repository/ConventionsPageAdmin/TimeFieldAtStartTime' is clicked on

2020-10-12 04:24:24 - [MESSAGE][PASSED] - Keys '12' sent to object: 'Object Repository/ConventionsPageAdmin/TimeFieldAtStartTime'

2020-10-12 04:24:24 - [MESSAGE][PASSED] - Keys '00' sent to object: 'Object Repository/ConventionsPageAdmin/TimeFieldAtStartTime'

2020-10-12 04:24:25 - [MESSAGE][PASSED] - Keys 'a' sent to object: 'Object Repository/ConventionsPageAdmin/TimeFieldAtStartTime'

2020-10-12 04:24:25 - [MESSAGE][PASSED] - Keys '10/12/2020' sent to object: 'Object Repository/ConventionsPageAdmin/DateFieldAtEndTime'

2020-10-12 04:24:26 - [MESSAGE][PASSED] - Object: 'Object Repository/ConventionsPageAdmin/TimeFieldAtEndTime' is clicked on

2020-10-12 04:24:26 - [MESSAGE][PASSED] - Keys '11' sent to object: 'Object Repository/ConventionsPageAdmin/TimeFieldAtEndTime'

2020-10-12 04:24:26 - [MESSAGE][PASSED] - Keys '45' sent to object: 'Object Repository/ConventionsPageAdmin/TimeFieldAtEndTime'

2020-10-12 04:24:27 - [MESSAGE][PASSED] - Keys 'p' sent to object: 'Object Repository/ConventionsPageAdmin/TimeFieldAtEndTime'

2020-10-12 04:24:27 - [MESSAGE][PASSED] - com.CommonUtilities.CreateLiveSession.enterLiveSessionDetailsAndTime is PASSED

2020-10-12 04:24:27 - [TEST_STEP][PASSED] - ZoomId = com.CommonUtilities.CreateLiveSession.enterZoomIdAndAddAssigne(): com.CommonUtilities.CreateLiveSession.enterZoomIdAndAddAssigne is PASSED

2020-10-12 04:24:28 - [MESSAGE][PASSED] - Text 'https://zoom.us/j/12345678' is set on object 'Object Repository/ConventionsPageAdmin/ZoomMeetingField'

2020-10-12 04:24:28 - [MESSAGE][PASSED] - Keys '5' sent to object: 'Object Repository/ConventionsPageAdmin/CapacityField'

2020-10-12 04:24:29 - [MESSAGE][PASSED] - Object: 'Object Repository/ConventionsPageAdmin/AssigneesDropDown' is clicked on

2020-10-12 04:24:34 - [MESSAGE][PASSED] - Delayed 5 second(s)

2020-10-12 04:24:34 - [MESSAGE][WARNING] - Timeout '0' is invalid. Using default page load timeout: '30'

2020-10-12 04:24:35 - [MESSAGE][PASSED] - Text of object 'Object Repository/ConventionsPageAdmin/selectDropSessions' is: 'T0
Test 0'

2020-10-12 04:24:35 - [MESSAGE][PASSED] - Object: 'Object Repository/ConventionsPageAdmin/selectDropSessions' is clicked on

2020-10-12 04:24:36 - [MESSAGE][PASSED] - Object: 'Object Repository/ConventionsPageAdmin/Add button of add assigne' is clicked on

2020-10-12 04:24:36 - [MESSAGE][PASSED] - Object: 'Object Repository/ConventionsPageAdmin/upload photo' is clicked on

2020-10-12 04:24:37 - [MESSAGE][PASSED] - File 'E:\CopyOfVisitDaysTests\studentimg.jpg' sent to object: 'Object Repository/ConventionsPageAdmin/BrowsePhotoAddress'

2020-10-12 04:24:38 - [MESSAGE][PASSED] - Object: 'Object Repository/ConventionsPageAdmin/ApplybuttoninPhotoUpload' is clicked on

2020-10-12 04:24:38 - [MESSAGE][PASSED] - Object: 'Object Repository/ConventionsPageAdmin/SaveButton' is clicked on

2020-10-12 04:24:43 - [MESSAGE][PASSED] - Delayed 5 second(s)

2020-10-12 04:24:43 - [MESSAGE][PASSED] - com.CommonUtilities.CreateLiveSession.enterZoomIdAndAddAssigne is PASSED

2020-10-12 04:24:43 - [TEST_STEP][PASSED] - com.CommonUtilities.LoginAsDifferentUserPermissions.NavigateToNacacHomePage(): com.CommonUtilities.LoginAsDifferentUserPermissions.NavigateToNacacHomePage is PASSED

2020-10-12 04:24:45 - [MESSAGE][PASSED] - Navigate to 'https://nacac-charizard.visitdays.vercel.app/events' successfully

2020-10-12 04:24:46 - [MESSAGE][WARNING] - Timeout '0' is invalid. Using default page load timeout: '30'

2020-10-12 04:24:47 - [MESSAGE][PASSED] - Object 'Object Repository/NacacStudentApp/HomePageElements/UpcomingOptionInHomePage' is present

2020-10-12 04:24:47 - [MESSAGE][PASSED] - com.CommonUtilities.LoginAsDifferentUserPermissions.NavigateToNacacHomePage is PASSED

2020-10-12 04:24:47 - [TEST_STEP][PASSED] - click(findTestObject("NacacStudentApp/HomePageElements/SelectConventionInHomePage", ["Name":conventionName])): Object: 'Object Repository/NacacStudentApp/HomePageElements/SelectConventionInHomePage' is clicked on

2020-10-12 04:24:48 - [MESSAGE][PASSED] - Object: 'Object Repository/NacacStudentApp/HomePageElements/SelectConventionInHomePage' is clicked on

2020-10-12 04:24:48 - [TEST_STEP][PASSED] - waitForElementClickable(findTestObject("Object Repository/NacacStudentApp/HomePageElements/LiveSessionsTab"), 0): Object 'Object Repository/NacacStudentApp/HomePageElements/LiveSessionsTab' is clickable

2020-10-12 04:24:48 - [MESSAGE][WARNING] - Timeout '0' is invalid. Using default page load timeout: '30'

2020-10-12 04:24:49 - [MESSAGE][PASSED] - Object 'Object Repository/NacacStudentApp/HomePageElements/LiveSessionsTab' is clickable

2020-10-12 04:24:49 - [TEST_STEP][PASSED] - element = findWebElement(findTestObject("Object Repository/NacacStudentApp/HomePageElements/LiveSessionsTab"), 0): Timeout '0' is invalid. Using default page load timeout: '30'

2020-10-12 04:24:49 - [MESSAGE][WARNING] - Timeout '0' is invalid. Using default page load timeout: '30'

2020-10-12 04:24:50 - [TEST_STEP][PASSED] - executeJavaScript("arguments[0].click()", Arrays.asList(element)): Execute JavaScript 'arguments[0].click()' successfully

2020-10-12 04:24:50 - [MESSAGE][PASSED] - Execute JavaScript 'arguments[0].click()' successfully

2020-10-12 04:24:50 - [TEST_STEP][PASSED] - waitForPageLoad(0): Wait for page load successfully

2020-10-12 04:24:50 - [MESSAGE][WARNING] - Timeout '0' is invalid. Using default page load timeout: '30'

2020-10-12 04:24:50 - [MESSAGE][PASSED] - Wait for page load successfully

2020-10-12 04:24:50 - [TEST_STEP][PASSED] - scrollToElement(findTestObject("Object Repository/NacacStudentApp/HomePageElements/LoadMoreButton"), 5, OPTIONAL): Unable to scroll to object 'Object Repository/NacacStudentApp/HomePageElements/LoadMoreButton' (Root cause: com.kms.katalon.core.exception.StepFailedException: Unable to scroll to object 'Object Repository/NacacStudentApp/HomePageElements/LoadMoreButton'
	at com.kms.katalon.core.webui.keyword.internal.WebUIKeywordMain.stepFailed(WebUIKeywordMain.groovy:64)
	at com.kms.katalon.core.webui.keyword.internal.WebUIKeywordMain.runKeyword(WebUIKeywordMain.groovy:26)
	at com.kms.katalon.core.webui.keyword.builtin.ScrollToElementKeyword.scrollToElement(ScrollToElementKeyword.groovy:88)
	at com.kms.katalon.core.webui.keyword.builtin.ScrollToElementKeyword.execute(ScrollToElementKeyword.groovy:68)
	at com.kms.katalon.core.keyword.internal.KeywordExecutor.executeKeywordForPlatform(KeywordExecutor.groovy:73)
	at com.kms.katalon.core.webui.keyword.WebUiBuiltInKeywords.scrollToElement(WebUiBuiltInKeywords.groovy:3418)
	at com.kms.katalon.core.webui.keyword.WebUiBuiltInKeywords$scrollToElement$15.call(Unknown Source)
	at CreateLiveSessionAndVerifyInStudentApp.run(CreateLiveSessionAndVerifyInStudentApp:49)
	at com.kms.katalon.core.main.ScriptEngine.run(ScriptEngine.java:194)
	at com.kms.katalon.core.main.ScriptEngine.runScriptAsRawText(ScriptEngine.java:119)
	at com.kms.katalon.core.main.TestCaseExecutor.runScript(TestCaseExecutor.java:339)
	at com.kms.katalon.core.main.TestCaseExecutor.doExecute(TestCaseExecutor.java:330)
	at com.kms.katalon.core.main.TestCaseExecutor.processExecutionPhase(TestCaseExecutor.java:309)
	at com.kms.katalon.core.main.TestCaseExecutor.accessMainPhase(TestCaseExecutor.java:301)
	at com.kms.katalon.core.main.TestCaseExecutor.execute(TestCaseExecutor.java:235)
	at com.kms.katalon.core.main.TestSuiteExecutor.accessTestCaseMainPhase(TestSuiteExecutor.java:191)
	at com.kms.katalon.core.main.TestSuiteExecutor.accessTestSuiteMainPhase(TestSuiteExecutor.java:141)
	at com.kms.katalon.core.main.TestSuiteExecutor.execute(TestSuiteExecutor.java:90)
	at com.kms.katalon.core.main.TestCaseMain.startTestSuite(TestCaseMain.java:157)
	at com.kms.katalon.core.main.TestCaseMain$startTestSuite$0.call(Unknown Source)
	at TempTestSuite1602490771550.run(TempTestSuite1602490771550.groovy:39)
Caused by: com.kms.katalon.core.webui.exception.WebElementNotFoundException: Web element with id: 'Object Repository/NacacStudentApp/HomePageElements/LoadMoreButton' located by '//button//span[text()="Load More"]' not found
	at com.kms.katalon.core.webui.common.WebUiCommonHelper.findWebElement(WebUiCommonHelper.java:1368)
	at com.kms.katalon.core.webui.keyword.internal.WebUIAbstractKeyword.findWebElement(WebUIAbstractKeyword.groovy:27)
	at com.kms.katalon.core.webui.keyword.internal.WebUIAbstractKeyword.findWebElement(WebUIAbstractKeyword.groovy:26)
	at com.kms.katalon.core.webui.keyword.builtin.ScrollToElementKeyword$_scrollToElement_closure1.doCall(ScrollToElementKeyword.groovy:79)
	at com.kms.katalon.core.webui.keyword.builtin.ScrollToElementKeyword$_scrollToElement_closure1.call(ScrollToElementKeyword.groovy)
	at com.kms.katalon.core.webui.keyword.internal.WebUIKeywordMain.runKeyword(WebUIKeywordMain.groovy:20)
	at com.kms.katalon.core.webui.keyword.builtin.ScrollToElementKeyword.scrollToElement(ScrollToElementKeyword.groovy:88)
	at com.kms.katalon.core.webui.keyword.builtin.ScrollToElementKeyword.execute(ScrollToElementKeyword.groovy:68)
	at com.kms.katalon.core.keyword.internal.KeywordExecutor.executeKeywordForPlatform(KeywordExecutor.groovy:73)
	at com.kms.katalon.core.webui.keyword.WebUiBuiltInKeywords.scrollToElement(WebUiBuiltInKeywords.groovy:3418)
	at com.kms.katalon.core.webui.keyword.WebUiBuiltInKeywords$scrollToElement$15.call(Unknown Source)
	at Script1598510046309.run(Script1598510046309.groovy:49)
	... 13 more
)

2020-10-12 04:25:21 - [MESSAGE][INFO] - Unable to find the element located by 'By.xpath: //button//span[text()="Load More"]'. Please recheck the objects properties to make sure the desired element is located. 

2020-10-12 04:25:22 - [MESSAGE][WARNING] - Unable to scroll to object 'Object Repository/NacacStudentApp/HomePageElements/LoadMoreButton' (Root cause: com.kms.katalon.core.exception.StepFailedException: Unable to scroll to object 'Object Repository/NacacStudentApp/HomePageElements/LoadMoreButton'
	at com.kms.katalon.core.webui.keyword.internal.WebUIKeywordMain.stepFailed(WebUIKeywordMain.groovy:64)
	at com.kms.katalon.core.webui.keyword.internal.WebUIKeywordMain.runKeyword(WebUIKeywordMain.groovy:26)
	at com.kms.katalon.core.webui.keyword.builtin.ScrollToElementKeyword.scrollToElement(ScrollToElementKeyword.groovy:88)
	at com.kms.katalon.core.webui.keyword.builtin.ScrollToElementKeyword.execute(ScrollToElementKeyword.groovy:68)
	at com.kms.katalon.core.keyword.internal.KeywordExecutor.executeKeywordForPlatform(KeywordExecutor.groovy:73)
	at com.kms.katalon.core.webui.keyword.WebUiBuiltInKeywords.scrollToElement(WebUiBuiltInKeywords.groovy:3418)
	at com.kms.katalon.core.webui.keyword.WebUiBuiltInKeywords$scrollToElement$15.call(Unknown Source)
	at CreateLiveSessionAndVerifyInStudentApp.run(CreateLiveSessionAndVerifyInStudentApp:49)
	at com.kms.katalon.core.main.ScriptEngine.run(ScriptEngine.java:194)
	at com.kms.katalon.core.main.ScriptEngine.runScriptAsRawText(ScriptEngine.java:119)
	at com.kms.katalon.core.main.TestCaseExecutor.runScript(TestCaseExecutor.java:339)
	at com.kms.katalon.core.main.TestCaseExecutor.doExecute(TestCaseExecutor.java:330)
	at com.kms.katalon.core.main.TestCaseExecutor.processExecutionPhase(TestCaseExecutor.java:309)
	at com.kms.katalon.core.main.TestCaseExecutor.accessMainPhase(TestCaseExecutor.java:301)
	at com.kms.katalon.core.main.TestCaseExecutor.execute(TestCaseExecutor.java:235)
	at com.kms.katalon.core.main.TestSuiteExecutor.accessTestCaseMainPhase(TestSuiteExecutor.java:191)
	at com.kms.katalon.core.main.TestSuiteExecutor.accessTestSuiteMainPhase(TestSuiteExecutor.java:141)
	at com.kms.katalon.core.main.TestSuiteExecutor.execute(TestSuiteExecutor.java:90)
	at com.kms.katalon.core.main.TestCaseMain.startTestSuite(TestCaseMain.java:157)
	at com.kms.katalon.core.main.TestCaseMain$startTestSuite$0.call(Unknown Source)
	at TempTestSuite1602490771550.run(TempTestSuite1602490771550.groovy:39)
Caused by: com.kms.katalon.core.webui.exception.WebElementNotFoundException: Web element with id: 'Object Repository/NacacStudentApp/HomePageElements/LoadMoreButton' located by '//button//span[text()="Load More"]' not found
	at com.kms.katalon.core.webui.common.WebUiCommonHelper.findWebElement(WebUiCommonHelper.java:1368)
	at com.kms.katalon.core.webui.keyword.internal.WebUIAbstractKeyword.findWebElement(WebUIAbstractKeyword.groovy:27)
	at com.kms.katalon.core.webui.keyword.internal.WebUIAbstractKeyword.findWebElement(WebUIAbstractKeyword.groovy:26)
	at com.kms.katalon.core.webui.keyword.builtin.ScrollToElementKeyword$_scrollToElement_closure1.doCall(ScrollToElementKeyword.groovy:79)
	at com.kms.katalon.core.webui.keyword.builtin.ScrollToElementKeyword$_scrollToElement_closure1.call(ScrollToElementKeyword.groovy)
	at com.kms.katalon.core.webui.keyword.internal.WebUIKeywordMain.runKeyword(WebUIKeywordMain.groovy:20)
	at com.kms.katalon.core.webui.keyword.builtin.ScrollToElementKeyword.scrollToElement(ScrollToElementKeyword.groovy:88)
	at com.kms.katalon.core.webui.keyword.builtin.ScrollToElementKeyword.execute(ScrollToElementKeyword.groovy:68)
	at com.kms.katalon.core.keyword.internal.KeywordExecutor.executeKeywordForPlatform(KeywordExecutor.groovy:73)
	at com.kms.katalon.core.webui.keyword.WebUiBuiltInKeywords.scrollToElement(WebUiBuiltInKeywords.groovy:3418)
	at com.kms.katalon.core.webui.keyword.WebUiBuiltInKeywords$scrollToElement$15.call(Unknown Source)
	at Script1598510046309.run(Script1598510046309.groovy:49)
	... 13 more
)
[[ATTACHMENT|E:\\CopyOfVisitDaysTests\\Reports\\20201012_041931\\NACAC\\20201012_041931\\1602491121634.png]]

2020-10-12 04:25:22 - [TEST_STEP][PASSED] - if (verifyElementPresent(findTestObject("Object Repository/NacacStudentApp/HomePageElements/LoadMoreButton"), 5, OPTIONAL)): com.kms.katalon.core.webui.exception.WebElementNotFoundException: Web element with id: 'Object Repository/NacacStudentApp/HomePageElements/LoadMoreButton' located by '//button//span[text()="Load More"]' not found (Root cause: com.kms.katalon.core.exception.StepFailedException: com.kms.katalon.core.webui.exception.WebElementNotFoundException: Web element with id: 'Object Repository/NacacStudentApp/HomePageElements/LoadMoreButton' located by '//button//span[text()="Load More"]' not found
	at com.kms.katalon.core.webui.keyword.internal.WebUIKeywordMain.stepFailed(WebUIKeywordMain.groovy:64)
	at com.kms.katalon.core.webui.keyword.builtin.VerifyElementPresentKeyword$_verifyElementPresent_closure1.doCall(VerifyElementPresentKeyword.groovy:85)
	at com.kms.katalon.core.webui.keyword.builtin.VerifyElementPresentKeyword$_verifyElementPresent_closure1.call(VerifyElementPresentKeyword.groovy)
	at com.kms.katalon.core.webui.keyword.internal.WebUIKeywordMain.runKeyword(WebUIKeywordMain.groovy:20)
	at com.kms.katalon.core.webui.keyword.builtin.VerifyElementPresentKeyword.verifyElementPresent(VerifyElementPresentKeyword.groovy:92)
	at com.kms.katalon.core.webui.keyword.builtin.VerifyElementPresentKeyword.execute(VerifyElementPresentKeyword.groovy:68)
	at com.kms.katalon.core.keyword.internal.KeywordExecutor.executeKeywordForPlatform(KeywordExecutor.groovy:73)
	at com.kms.katalon.core.webui.keyword.WebUiBuiltInKeywords.verifyElementPresent(WebUiBuiltInKeywords.groovy:1445)
	at com.kms.katalon.core.webui.keyword.WebUiBuiltInKeywords$verifyElementPresent$7.call(Unknown Source)
	at CreateLiveSessionAndVerifyInStudentApp.run(CreateLiveSessionAndVerifyInStudentApp:51)
	at com.kms.katalon.core.main.ScriptEngine.run(ScriptEngine.java:194)
	at com.kms.katalon.core.main.ScriptEngine.runScriptAsRawText(ScriptEngine.java:119)
	at com.kms.katalon.core.main.TestCaseExecutor.runScript(TestCaseExecutor.java:339)
	at com.kms.katalon.core.main.TestCaseExecutor.doExecute(TestCaseExecutor.java:330)
	at com.kms.katalon.core.main.TestCaseExecutor.processExecutionPhase(TestCaseExecutor.java:309)
	at com.kms.katalon.core.main.TestCaseExecutor.accessMainPhase(TestCaseExecutor.java:301)
	at com.kms.katalon.core.main.TestCaseExecutor.execute(TestCaseExecutor.java:235)
	at com.kms.katalon.core.main.TestSuiteExecutor.accessTestCaseMainPhase(TestSuiteExecutor.java:191)
	at com.kms.katalon.core.main.TestSuiteExecutor.accessTestSuiteMainPhase(TestSuiteExecutor.java:141)
	at com.kms.katalon.core.main.TestSuiteExecutor.execute(TestSuiteExecutor.java:90)
	at com.kms.katalon.core.main.TestCaseMain.startTestSuite(TestCaseMain.java:157)
	at com.kms.katalon.core.main.TestCaseMain$startTestSuite$0.call(Unknown Source)
	at TempTestSuite1602490771550.run(TempTestSuite1602490771550.groovy:39)
)

2020-10-12 04:25:28 - [MESSAGE][INFO] - Unable to find the element located by 'By.xpath: //button//span[text()="Load More"]'. Please recheck the objects properties to make sure the desired element is located. 

2020-10-12 04:25:28 - [MESSAGE][WARNING] - com.kms.katalon.core.webui.exception.WebElementNotFoundException: Web element with id: 'Object Repository/NacacStudentApp/HomePageElements/LoadMoreButton' located by '//button//span[text()="Load More"]' not found (Root cause: com.kms.katalon.core.exception.StepFailedException: com.kms.katalon.core.webui.exception.WebElementNotFoundException: Web element with id: 'Object Repository/NacacStudentApp/HomePageElements/LoadMoreButton' located by '//button//span[text()="Load More"]' not found
	at com.kms.katalon.core.webui.keyword.internal.WebUIKeywordMain.stepFailed(WebUIKeywordMain.groovy:64)
	at com.kms.katalon.core.webui.keyword.builtin.VerifyElementPresentKeyword$_verifyElementPresent_closure1.doCall(VerifyElementPresentKeyword.groovy:85)
	at com.kms.katalon.core.webui.keyword.builtin.VerifyElementPresentKeyword$_verifyElementPresent_closure1.call(VerifyElementPresentKeyword.groovy)
	at com.kms.katalon.core.webui.keyword.internal.WebUIKeywordMain.runKeyword(WebUIKeywordMain.groovy:20)
	at com.kms.katalon.core.webui.keyword.builtin.VerifyElementPresentKeyword.verifyElementPresent(VerifyElementPresentKeyword.groovy:92)
	at com.kms.katalon.core.webui.keyword.builtin.VerifyElementPresentKeyword.execute(VerifyElementPresentKeyword.groovy:68)
	at com.kms.katalon.core.keyword.internal.KeywordExecutor.executeKeywordForPlatform(KeywordExecutor.groovy:73)
	at com.kms.katalon.core.webui.keyword.WebUiBuiltInKeywords.verifyElementPresent(WebUiBuiltInKeywords.groovy:1445)
	at com.kms.katalon.core.webui.keyword.WebUiBuiltInKeywords$verifyElementPresent$7.call(Unknown Source)
	at CreateLiveSessionAndVerifyInStudentApp.run(CreateLiveSessionAndVerifyInStudentApp:51)
	at com.kms.katalon.core.main.ScriptEngine.run(ScriptEngine.java:194)
	at com.kms.katalon.core.main.ScriptEngine.runScriptAsRawText(ScriptEngine.java:119)
	at com.kms.katalon.core.main.TestCaseExecutor.runScript(TestCaseExecutor.java:339)
	at com.kms.katalon.core.main.TestCaseExecutor.doExecute(TestCaseExecutor.java:330)
	at com.kms.katalon.core.main.TestCaseExecutor.processExecutionPhase(TestCaseExecutor.java:309)
	at com.kms.katalon.core.main.TestCaseExecutor.accessMainPhase(TestCaseExecutor.java:301)
	at com.kms.katalon.core.main.TestCaseExecutor.execute(TestCaseExecutor.java:235)
	at com.kms.katalon.core.main.TestSuiteExecutor.accessTestCaseMainPhase(TestSuiteExecutor.java:191)
	at com.kms.katalon.core.main.TestSuiteExecutor.accessTestSuiteMainPhase(TestSuiteExecutor.java:141)
	at com.kms.katalon.core.main.TestSuiteExecutor.execute(TestSuiteExecutor.java:90)
	at com.kms.katalon.core.main.TestCaseMain.startTestSuite(TestCaseMain.java:157)
	at com.kms.katalon.core.main.TestCaseMain$startTestSuite$0.call(Unknown Source)
	at TempTestSuite1602490771550.run(TempTestSuite1602490771550.groovy:39)
)
[[ATTACHMENT|E:\\CopyOfVisitDaysTests\\Reports\\20201012_041931\\NACAC\\20201012_041931\\1602491128310.png]]

2020-10-12 04:25:28 - [TEST_STEP][PASSED] - if (!(verifyElementPresent(findTestObject("Object Repository/NacacStudentApp/HomePageElements/LiveSessionInStudentApp", ["createdSession":meetname]), 10, OPTIONAL))): Object 'Object Repository/NacacStudentApp/HomePageElements/LiveSessionInStudentApp' is present

2020-10-12 04:25:29 - [MESSAGE][PASSED] - Object 'Object Repository/NacacStudentApp/HomePageElements/LiveSessionInStudentApp' is present]]></system-out>
         <system-err><![CDATA[]]></system-err>
      </testcase>
      <testcase name="Test Cases/Conventions/CreateMeetingAndVerifyInStudentApp" time="137.325" classname="Test Cases/Conventions/CreateMeetingAndVerifyInStudentApp" status="PASSED">
         <system-out><![CDATA[2020-10-12 04:25:31 - [TEST_CASE][PASSED] - Test Cases/Conventions/CreateMeetingAndVerifyInStudentApp: Test Cases/Conventions/CreateMeetingAndVerifyInStudentApp

2020-10-12 04:25:31 - [TEST_STEP][PASSED] - com.CommonUtilities.LoginAsDifferentUserPermissions.NavigateToHomePage(): com.CommonUtilities.LoginAsDifferentUserPermissions.NavigateToHomePage is PASSED

2020-10-12 04:25:33 - [MESSAGE][PASSED] - Navigate to 'https://charizard-admin.visitdays.com/' successfully

2020-10-12 04:25:33 - [MESSAGE][WARNING] - Timeout '0' is invalid. Using default page load timeout: '30'

2020-10-12 04:25:36 - [MESSAGE][PASSED] - Object 'Object Repository/HomePageElements/ProfileAvatar' is present

2020-10-12 04:25:36 - [MESSAGE][WARNING] - Timeout '0' is invalid. Using default page load timeout: '30'

2020-10-12 04:25:36 - [MESSAGE][PASSED] - Object 'Object Repository/HomePageElements/SchoolProdoutNav' is present

2020-10-12 04:25:36 - [MESSAGE][PASSED] - Object: 'Object Repository/HomePageElements/SchoolProdoutNav' is clicked on

2020-10-12 04:25:36 - [MESSAGE][PASSED] - com.CommonUtilities.LoginAsDifferentUserPermissions.NavigateToHomePage is PASSED

2020-10-12 04:25:36 - [TEST_STEP][PASSED] - institutionName = com.CommonUtilities.GetInstitutionName.getInstitutionNameFromAdminApp(): com.CommonUtilities.GetInstitutionName.getInstitutionNameFromAdminApp is PASSED

2020-10-12 04:25:38 - [MESSAGE][PASSED] - Navigate to 'https://charizard-admin.visitdays.com/' successfully

2020-10-12 04:25:38 - [MESSAGE][WARNING] - Timeout '0' is invalid. Using default page load timeout: '30'

2020-10-12 04:25:38 - [MESSAGE][PASSED] - Wait for page load successfully

2020-10-12 04:25:41 - [MESSAGE][PASSED] - Text of object 'Object Repository/ConventionsPageAdmin/SelectInstitutionName' is: 'BB Testing
swap_horiz'

2020-10-12 04:25:41 - [MESSAGE][PASSED] - com.CommonUtilities.GetInstitutionName.getInstitutionNameFromAdminApp is PASSED

2020-10-12 04:25:41 - [TEST_STEP][PASSED] - conventionName = com.CommonUtilities.CreateMeeting.getConvention(): com.CommonUtilities.CreateMeeting.getConvention is PASSED

2020-10-12 04:25:44 - [MESSAGE][PASSED] - Object: 'Object Repository/HomePageElements/PersonIcon' is clicked on

2020-10-12 04:25:44 - [MESSAGE][PASSED] - Object: 'Object Repository/HomePageElements/NacacConventionslink' is clicked on

2020-10-12 04:25:51 - [MESSAGE][PASSED] - Object: 'Object Repository/ConventionsPageAdmin/Conventionsleftnav' is clicked on

2020-10-12 04:25:52 - [MESSAGE][PASSED] - Object: 'Object Repository/ConventionsPageAdmin/LiveSessionleftNavInSubMenu' is clicked on

2020-10-12 04:25:53 - [MESSAGE][PASSED] - Object: 'Object Repository/ConventionsPageAdmin/CreateButtonInLiveSessions' is clicked on

2020-10-12 04:25:53 - [MESSAGE][PASSED] - Wait for page load successfully

2020-10-12 04:25:54 - [MESSAGE][PASSED] - Text of object 'Object Repository/ConventionsPageAdmin/getNameOfFirstConvention' is: 'June In Progress Demo'

2020-10-12 04:25:54 - [MESSAGE][PASSED] - com.CommonUtilities.CreateMeeting.getConvention is PASSED

2020-10-12 04:25:54 - [TEST_STEP][PASSED] - assigneeName = com.CommonUtilities.CreateMeeting.enterMeetingDetailsAndTime(): com.CommonUtilities.CreateMeeting.enterMeetingDetailsAndTime is PASSED

2020-10-12 04:25:54 - [MESSAGE][PASSED] - Object: 'Object Repository/ConventionsPageAdmin/MeetingsLeftNav' is clicked on

2020-10-12 04:25:54 - [MESSAGE][PASSED] - Wait for page load successfully

2020-10-12 04:25:59 - [MESSAGE][PASSED] - Object: 'Object Repository/ConventionsPageAdmin/AddAvailabilityButton' is clicked on

2020-10-12 04:26:00 - [MESSAGE][PASSED] - Object: 'Object Repository/ConventionsPageAdmin/AssigneeDropDownButtonInMeetings' is clicked on

2020-10-12 04:26:00 - [MESSAGE][WARNING] - Timeout '0' is invalid. Using default page load timeout: '30'

2020-10-12 04:26:01 - [MESSAGE][PASSED] - Text of object 'Object Repository/ConventionsPageAdmin/selectdrop' is: 'T2
T 23'

2020-10-12 04:26:12 - [MESSAGE][INFO] - Unable to find the element located by 'By.xpath: (//li[@role="option"]//span[@class="conventions-meeting-availability-form__assign-relationship-item"])[5]//img'. Please recheck the objects properties to make sure the desired element is located. 

2020-10-12 04:26:13 - [MESSAGE][WARNING] - com.kms.katalon.core.webui.exception.WebElementNotFoundException: Web element with id: 'Object Repository/ConventionsPageAdmin/SelectDropImg' located by '(//li[@role="option"]//span[@class="conventions-meeting-availability-form__assign-relationship-item"])[5]//img' not found (Root cause: com.kms.katalon.core.exception.StepFailedException: com.kms.katalon.core.webui.exception.WebElementNotFoundException: Web element with id: 'Object Repository/ConventionsPageAdmin/SelectDropImg' located by '(//li[@role="option"]//span[@class="conventions-meeting-availability-form__assign-relationship-item"])[5]//img' not found
	at com.kms.katalon.core.webui.keyword.internal.WebUIKeywordMain.stepFailed(WebUIKeywordMain.groovy:64)
	at com.kms.katalon.core.webui.keyword.builtin.VerifyElementPresentKeyword$_verifyElementPresent_closure1.doCall(VerifyElementPresentKeyword.groovy:85)
	at com.kms.katalon.core.webui.keyword.builtin.VerifyElementPresentKeyword$_verifyElementPresent_closure1.call(VerifyElementPresentKeyword.groovy)
	at com.kms.katalon.core.webui.keyword.internal.WebUIKeywordMain.runKeyword(WebUIKeywordMain.groovy:20)
	at com.kms.katalon.core.webui.keyword.builtin.VerifyElementPresentKeyword.verifyElementPresent(VerifyElementPresentKeyword.groovy:92)
	at com.kms.katalon.core.webui.keyword.builtin.VerifyElementPresentKeyword.execute(VerifyElementPresentKeyword.groovy:68)
	at com.kms.katalon.core.keyword.internal.KeywordExecutor.executeKeywordForPlatform(KeywordExecutor.groovy:73)
	at com.kms.katalon.core.webui.keyword.WebUiBuiltInKeywords.verifyElementPresent(WebUiBuiltInKeywords.groovy:1445)
	at com.kms.katalon.core.webui.keyword.WebUiBuiltInKeywords$verifyElementPresent$7.call(Unknown Source)
	at com.CommonUtilities.CreateMeeting.enterMeetingDetailsAndTime(CreateMeeting.groovy:110)
	at com.CommonUtilities.CreateMeeting.invokeMethod(CreateMeeting.groovy)
	at com.kms.katalon.core.main.CustomKeywordDelegatingMetaClass.invokeStaticMethod(CustomKeywordDelegatingMetaClass.java:50)
	at CreateMeetingAndVerifyInStudentApp.run(CreateMeetingAndVerifyInStudentApp:28)
	at com.kms.katalon.core.main.ScriptEngine.run(ScriptEngine.java:194)
	at com.kms.katalon.core.main.ScriptEngine.runScriptAsRawText(ScriptEngine.java:119)
	at com.kms.katalon.core.main.TestCaseExecutor.runScript(TestCaseExecutor.java:339)
	at com.kms.katalon.core.main.TestCaseExecutor.doExecute(TestCaseExecutor.java:330)
	at com.kms.katalon.core.main.TestCaseExecutor.processExecutionPhase(TestCaseExecutor.java:309)
	at com.kms.katalon.core.main.TestCaseExecutor.accessMainPhase(TestCaseExecutor.java:301)
	at com.kms.katalon.core.main.TestCaseExecutor.execute(TestCaseExecutor.java:235)
	at com.kms.katalon.core.main.TestSuiteExecutor.accessTestCaseMainPhase(TestSuiteExecutor.java:191)
	at com.kms.katalon.core.main.TestSuiteExecutor.accessTestSuiteMainPhase(TestSuiteExecutor.java:141)
	at com.kms.katalon.core.main.TestSuiteExecutor.execute(TestSuiteExecutor.java:90)
	at com.kms.katalon.core.main.TestCaseMain.startTestSuite(TestCaseMain.java:157)
	at com.kms.katalon.core.main.TestCaseMain$startTestSuite$0.call(Unknown Source)
	at TempTestSuite1602490771550.run(TempTestSuite1602490771550.groovy:39)
)
[[ATTACHMENT|E:\\CopyOfVisitDaysTests\\Reports\\20201012_041931\\NACAC\\20201012_041931\\1602491172845.png]]

2020-10-12 04:26:13 - [MESSAGE][PASSED] - Object: 'Object Repository/ConventionsPageAdmin/selectdrop' is clicked on

2020-10-12 04:26:19 - [MESSAGE][PASSED] - Delayed 6 second(s)

2020-10-12 04:26:20 - [MESSAGE][PASSED] - Keys '10/12/2020' sent to object: 'Object Repository/ConventionsPageAdmin/MeetingDateTextField'

2020-10-12 04:26:20 - [MESSAGE][PASSED] - Object: 'Object Repository/ConventionsPageAdmin/StartTimeInMeetings' is clicked on

2020-10-12 04:26:20 - [MESSAGE][PASSED] - Keys '11' sent to object: 'Object Repository/ConventionsPageAdmin/StartTimeInMeetings'

2020-10-12 04:26:21 - [MESSAGE][PASSED] - Keys '15' sent to object: 'Object Repository/ConventionsPageAdmin/StartTimeInMeetings'

2020-10-12 04:26:21 - [MESSAGE][PASSED] - Keys 'p' sent to object: 'Object Repository/ConventionsPageAdmin/StartTimeInMeetings'

2020-10-12 04:26:22 - [MESSAGE][PASSED] - Object: 'Object Repository/ConventionsPageAdmin/EndTimeInMeetings' is clicked on

2020-10-12 04:26:22 - [MESSAGE][PASSED] - Keys '11' sent to object: 'Object Repository/ConventionsPageAdmin/EndTimeInMeetings'

2020-10-12 04:26:22 - [MESSAGE][PASSED] - Keys '45' sent to object: 'Object Repository/ConventionsPageAdmin/EndTimeInMeetings'

2020-10-12 04:26:23 - [MESSAGE][PASSED] - Keys 'p' sent to object: 'Object Repository/ConventionsPageAdmin/EndTimeInMeetings'

2020-10-12 04:26:23 - [MESSAGE][PASSED] - com.CommonUtilities.CreateMeeting.enterMeetingDetailsAndTime is PASSED

2020-10-12 04:26:23 - [TEST_STEP][PASSED] - zoomId = com.CommonUtilities.CreateMeeting.enterZoomId(): com.CommonUtilities.CreateMeeting.enterZoomId is PASSED

2020-10-12 04:26:23 - [MESSAGE][PASSED] - Keys 'https://zoom.us/j/12345678' sent to object: 'Object Repository/ConventionsPageAdmin/ZoomInputFieldInMeetings'

[...]
	at com.kms.katalon.core.webui.common.WebUiCommonHelper.findWebElement(WebUiCommonHelper.java:1368)
	at com.kms.katalon.core.webui.keyword.internal.WebUIAbstractKeyword.findWebElement(WebUIAbstractKeyword.groovy:27)
	at com.kms.katalon.core.webui.keyword.internal.WebUIAbstractKeyword.findWebElement(WebUIAbstractKeyword.groovy:26)
	at com.kms.katalon.core.webui.keyword.builtin.ClickKeyword$_click_closure1.doCall(ClickKeyword.groovy:67)
	at com.kms.katalon.core.webui.keyword.builtin.ClickKeyword$_click_closure1.call(ClickKeyword.groovy)
	at com.kms.katalon.core.webui.keyword.internal.WebUIKeywordMain.runKeyword(WebUIKeywordMain.groovy:20)
	at com.kms.katalon.core.webui.keyword.builtin.ClickKeyword.click(ClickKeyword.groovy:76)
	at com.kms.katalon.core.webui.keyword.builtin.ClickKeyword.execute(ClickKeyword.groovy:43)
	at com.kms.katalon.core.keyword.internal.KeywordExecutor.executeKeywordForPlatform(KeywordExecutor.groovy:73)
	at com.kms.katalon.core.webui.keyword.WebUiBuiltInKeywords.click(WebUiBuiltInKeywords.groovy:617)
	at com.kms.katalon.core.webui.keyword.WebUiBuiltInKeywords$click$3.call(Unknown Source)
	at Script1599641314546.run(Script1599641314546.groovy:57)
	... 13 more
)

2020-10-12 04:44:31 - [MESSAGE][INFO] - Unable to find the element located by 'By.xpath: //div//div[text()="BB Testing"]/../../..//div[2]//button//span[@class="MuiIconButton-label"]'. Please recheck the objects properties to make sure the desired element is located. 

2020-10-12 04:44:31 - [MESSAGE][FAILED] - Unable to click on object 'Object Repository/FavouriteFirstCollegeInCollegesList' (Root cause: com.kms.katalon.core.exception.StepFailedException: Unable to click on object 'Object Repository/FavouriteFirstCollegeInCollegesList'
	at com.kms.katalon.core.webui.keyword.internal.WebUIKeywordMain.stepFailed(WebUIKeywordMain.groovy:64)
	at com.kms.katalon.core.webui.keyword.internal.WebUIKeywordMain.runKeyword(WebUIKeywordMain.groovy:26)
	at com.kms.katalon.core.webui.keyword.builtin.ClickKeyword.click(ClickKeyword.groovy:76)
	at com.kms.katalon.core.webui.keyword.builtin.ClickKeyword.execute(ClickKeyword.groovy:43)
	at com.kms.katalon.core.keyword.internal.KeywordExecutor.executeKeywordForPlatform(KeywordExecutor.groovy:73)
	at com.kms.katalon.core.webui.keyword.WebUiBuiltInKeywords.click(WebUiBuiltInKeywords.groovy:617)
	at com.kms.katalon.core.webui.keyword.WebUiBuiltInKeywords$click$3.call(Unknown Source)
	at FavouriteExhibitorInCollegesListAndVerifyInFavoritesPage.run(FavouriteExhibitorInCollegesListAndVerifyInFavoritesPage:57)
	at com.kms.katalon.core.main.ScriptEngine.run(ScriptEngine.java:194)
	at com.kms.katalon.core.main.ScriptEngine.runScriptAsRawText(ScriptEngine.java:119)
	at com.kms.katalon.core.main.TestCaseExecutor.runScript(TestCaseExecutor.java:339)
	at com.kms.katalon.core.main.TestCaseExecutor.doExecute(TestCaseExecutor.java:330)
	at com.kms.katalon.core.main.TestCaseExecutor.processExecutionPhase(TestCaseExecutor.java:309)
	at com.kms.katalon.core.main.TestCaseExecutor.accessMainPhase(TestCaseExecutor.java:301)
	at com.kms.katalon.core.main.TestCaseExecutor.execute(TestCaseExecutor.java:235)
	at com.kms.katalon.core.main.TestSuiteExecutor.accessTestCaseMainPhase(TestSuiteExecutor.java:191)
	at com.kms.katalon.core.main.TestSuiteExecutor.accessTestSuiteMainPhase(TestSuiteExecutor.java:141)
	at com.kms.katalon.core.main.TestSuiteExecutor.execute(TestSuiteExecutor.java:90)
	at com.kms.katalon.core.main.TestCaseMain.startTestSuite(TestCaseMain.java:157)
	at com.kms.katalon.core.main.TestCaseMain$startTestSuite$0.call(Unknown Source)
	at TempTestSuite1602490771550.run(TempTestSuite1602490771550.groovy:39)
Caused by: com.kms.katalon.core.webui.exception.WebElementNotFoundException: Web element with id: 'Object Repository/FavouriteFirstCollegeInCollegesList' located by '//div//div[text()="BB Testing"]/../../..//div[2]//button//span[@class="MuiIconButton-label"]' not found
	at com.kms.katalon.core.webui.common.WebUiCommonHelper.findWebElement(WebUiCommonHelper.java:1368)
	at com.kms.katalon.core.webui.keyword.internal.WebUIAbstractKeyword.findWebElement(WebUIAbstractKeyword.groovy:27)
	at com.kms.katalon.core.webui.keyword.internal.WebUIAbstractKeyword.findWebElement(WebUIAbstractKeyword.groovy:26)
	at com.kms.katalon.core.webui.keyword.builtin.ClickKeyword$_click_closure1.doCall(ClickKeyword.groovy:67)
	at com.kms.katalon.core.webui.keyword.builtin.ClickKeyword$_click_closure1.call(ClickKeyword.groovy)
	at com.kms.katalon.core.webui.keyword.internal.WebUIKeywordMain.runKeyword(WebUIKeywordMain.groovy:20)
	at com.kms.katalon.core.webui.keyword.builtin.ClickKeyword.click(ClickKeyword.groovy:76)
	at com.kms.katalon.core.webui.keyword.builtin.ClickKeyword.execute(ClickKeyword.groovy:43)
	at com.kms.katalon.core.keyword.internal.KeywordExecutor.executeKeywordForPlatform(KeywordExecutor.groovy:73)
	at com.kms.katalon.core.webui.keyword.WebUiBuiltInKeywords.click(WebUiBuiltInKeywords.groovy:617)
	at com.kms.katalon.core.webui.keyword.WebUiBuiltInKeywords$click$3.call(Unknown Source)
	at Script1599641314546.run(Script1599641314546.groovy:57)
	... 13 more
)
[[ATTACHMENT|E:\\CopyOfVisitDaysTests\\Reports\\20201012_041931\\NACAC\\20201012_041931\\1602492271203.png]]

2020-10-12 04:44:33 - [TEST_STEP][PASSED] - Video: Video recording for test case 'Test Cases/Conventions/FavouriteExhibitorInCollegesListAndVerifyInFavoritesPage' .

2020-10-12 04:44:33 - [MESSAGE][INFO] - Video recording for test case 'Test Cases/Conventions/FavouriteExhibitorInCollegesListAndVerifyInFavoritesPage' .
[[ATTACHMENT|E:\CopyOfVisitDaysTests\Reports\20201012_041931\NACAC\20201012_041931/videos\test_15.mov]]]]></system-out>
         <system-err><![CDATA[2020-10-12 04:42:45 - [TEST_CASE][FAILED] - Test Cases/Conventions/FavouriteExhibitorInCollegesListAndVerifyInFavoritesPage: Test Cases/Conventions/FavouriteExhibitorInCollegesListAndVerifyInFavoritesPage FAILED.
Reason:
com.kms.katalon.core.exception.StepFailedException: favorited college is not shown in the favorites page
	at com.kms.katalon.core.util.KeywordUtil.markFailed(KeywordUtil.java:19)
	at com.kms.katalon.core.util.KeywordUtil$markFailed.call(Unknown Source)
	at FavouriteExhibitorInCollegesListAndVerifyInFavoritesPage.run(FavouriteExhibitorInCollegesListAndVerifyInFavoritesPage:54)
	at com.kms.katalon.core.main.ScriptEngine.run(ScriptEngine.java:194)
	at com.kms.katalon.core.main.ScriptEngine.runScriptAsRawText(ScriptEngine.java:119)
	at com.kms.katalon.core.main.TestCaseExecutor.runScript(TestCaseExecutor.java:339)
	at com.kms.katalon.core.main.TestCaseExecutor.doExecute(TestCaseExecutor.java:330)
	at com.kms.katalon.core.main.TestCaseExecutor.processExecutionPhase(TestCaseExecutor.java:309)
	at com.kms.katalon.core.main.TestCaseExecutor.accessMainPhase(TestCaseExecutor.java:301)
	at com.kms.katalon.core.main.TestCaseExecutor.execute(TestCaseExecutor.java:235)
	at com.kms.katalon.core.main.TestSuiteExecutor.accessTestCaseMainPhase(TestSuiteExecutor.java:191)
	at com.kms.katalon.core.main.TestSuiteExecutor.accessTestSuiteMainPhase(TestSuiteExecutor.java:141)
	at com.kms.katalon.core.main.TestSuiteExecutor.execute(TestSuiteExecutor.java:90)
	at com.kms.katalon.core.main.TestCaseMain.startTestSuite(TestCaseMain.java:157)
	at com.kms.katalon.core.main.TestCaseMain$startTestSuite$0.call(Unknown Source)
	at TempTestSuite1602490771550.run(TempTestSuite1602490771550.groovy:39)]]></system-err>
      </testcase>
      <testcase name="Test Cases/Conventions/VerifySearchCollegeIsShowingResults" time="45.483" classname="Test Cases/Conventions/VerifySearchCollegeIsShowingResults" status="PASSED">
         <system-out><![CDATA[2020-10-12 04:44:33 - [TEST_CASE][PASSED] - Test Cases/Conventions/VerifySearchCollegeIsShowingResults: Test Cases/Conventions/VerifySearchCollegeIsShowingResults

2020-10-12 04:44:33 - [TEST_STEP][PASSED] - com.CommonUtilities.LoginAsDifferentUserPermissions.NavigateToHomePage(): com.CommonUtilities.LoginAsDifferentUserPermissions.NavigateToHomePage is PASSED

2020-10-12 04:44:35 - [MESSAGE][PASSED] - Navigate to 'https://charizard-admin.visitdays.com/' successfully

2020-10-12 04:44:35 - [MESSAGE][WARNING] - Timeout '0' is invalid. Using default page load timeout: '30'

2020-10-12 04:44:41 - [MESSAGE][PASSED] - Object 'Object Repository/HomePageElements/ProfileAvatar' is present

2020-10-12 04:44:41 - [MESSAGE][WARNING] - Timeout '0' is invalid. Using default page load timeout: '30'

2020-10-12 04:44:42 - [MESSAGE][PASSED] - Object 'Object Repository/HomePageElements/SchoolProdoutNav' is present

2020-10-12 04:44:42 - [MESSAGE][PASSED] - Object: 'Object Repository/HomePageElements/SchoolProdoutNav' is clicked on

2020-10-12 04:44:42 - [MESSAGE][PASSED] - com.CommonUtilities.LoginAsDifferentUserPermissions.NavigateToHomePage is PASSED

2020-10-12 04:44:42 - [TEST_STEP][PASSED] - conventionName = com.CommonUtilities.CreateMeeting.getConvention(): com.CommonUtilities.CreateMeeting.getConvention is PASSED

2020-10-12 04:44:44 - [MESSAGE][PASSED] - Object: 'Object Repository/HomePageElements/PersonIcon' is clicked on

2020-10-12 04:44:44 - [MESSAGE][PASSED] - Object: 'Object Repository/HomePageElements/NacacConventionslink' is clicked on

2020-10-12 04:44:52 - [MESSAGE][PASSED] - Object: 'Object Repository/ConventionsPageAdmin/Conventionsleftnav' is clicked on

2020-10-12 04:44:52 - [MESSAGE][PASSED] - Object: 'Object Repository/ConventionsPageAdmin/LiveSessionleftNavInSubMenu' is clicked on

2020-10-12 04:44:53 - [MESSAGE][PASSED] - Object: 'Object Repository/ConventionsPageAdmin/CreateButtonInLiveSessions' is clicked on

2020-10-12 04:44:53 - [MESSAGE][PASSED] - Wait for page load successfully

2020-10-12 04:44:55 - [MESSAGE][PASSED] - Text of object 'Object Repository/ConventionsPageAdmin/getNameOfFirstConvention' is: 'June In Progress Demo'

2020-10-12 04:44:55 - [MESSAGE][PASSED] - com.CommonUtilities.CreateMeeting.getConvention is PASSED

2020-10-12 04:44:55 - [TEST_STEP][PASSED] - institutionName = com.CommonUtilities.VideoLibrary.getInstitutionName(): com.CommonUtilities.VideoLibrary.getInstitutionName is PASSED

2020-10-12 04:44:56 - [MESSAGE][PASSED] - Text of object 'Object Repository/ConventionsPageAdmin/SelectInstitutionName' is: 'BB Testing
swap_horiz'

2020-10-12 04:44:56 - [MESSAGE][PASSED] - com.CommonUtilities.VideoLibrary.getInstitutionName is PASSED

2020-10-12 04:44:56 - [TEST_STEP][PASSED] - com.CommonUtilities.LoginAsDifferentUserPermissions.NavigateToNacacHomePage(): com.CommonUtilities.LoginAsDifferentUserPermissions.NavigateToNacacHomePage is PASSED

2020-10-12 04:45:00 - [MESSAGE][PASSED] - Navigate to 'https://nacac-charizard.visitdays.vercel.app/events' successfully

2020-10-12 04:45:00 - [MESSAGE][WARNING] - Timeout '0' is invalid. Using default page load timeout: '30'

2020-10-12 04:45:01 - [MESSAGE][PASSED] - Object 'Object Repository/NacacStudentApp/HomePageElements/UpcomingOptionInHomePage' is present

2020-10-12 04:45:01 - [MESSAGE][PASSED] - com.CommonUtilities.LoginAsDifferentUserPermissions.NavigateToNacacHomePage is PASSED

2020-10-12 04:45:01 - [TEST_STEP][PASSED] - click(findTestObject("NacacStudentApp/HomePageElements/SelectConventionInHomePage", ["Name":conventionName])): Object: 'Object Repository/NacacStudentApp/HomePageElements/SelectConventionInHomePage' is clicked on

2020-10-12 04:45:01 - [MESSAGE][PASSED] - Object: 'Object Repository/NacacStudentApp/HomePageElements/SelectConventionInHomePage' is clicked on

2020-10-12 04:45:01 - [TEST_STEP][PASSED] - delay(5): Delayed 5 second(s)

2020-10-12 04:45:06 - [MESSAGE][PASSED] - Delayed 5 second(s)

2020-10-12 04:45:06 - [TEST_STEP][PASSED] - element = findWebElement(findTestObject("NacacStudentApp/HomePageElements/CollegesTabInExhibitorsPage"), 0): Timeout '0' is invalid. Using default page load timeout: '30'

2020-10-12 04:45:06 - [MESSAGE][WARNING] - Timeout '0' is invalid. Using default page load timeout: '30'

2020-10-12 04:45:07 - [TEST_STEP][PASSED] - executeJavaScript("arguments[0].click()", Arrays.asList(element)): Execute JavaScript 'arguments[0].click()' successfully

2020-10-12 04:45:07 - [MESSAGE][PASSED] - Execute JavaScript 'arguments[0].click()' successfully

2020-10-12 04:45:07 - [TEST_STEP][PASSED] - delay(4): Delayed 4 second(s)

2020-10-12 04:45:11 - [MESSAGE][PASSED] - Delayed 4 second(s)

2020-10-12 04:45:11 - [TEST_STEP][PASSED] - sendKeys(findTestObject("Object Repository/NacacStudentApp/HomePageElements/SearchByCollege"), institutionName): Keys 'BB Testing' sent to object: 'Object Repository/NacacStudentApp/HomePageElements/SearchByCollege'

2020-10-12 04:45:12 - [MESSAGE][PASSED] - Keys 'BB Testing' sent to object: 'Object Repository/NacacStudentApp/HomePageElements/SearchByCollege'

2020-10-12 04:45:12 - [TEST_STEP][PASSED] - delay(4): Delayed 4 second(s)

2020-10-12 04:45:16 - [MESSAGE][PASSED] - Delayed 4 second(s)

2020-10-12 04:45:16 - [TEST_STEP][PASSED] - if (!(verifyElementPresent(findTestObject("NacacStudentApp/HomePageElements/CollegeName", ["Exhibitor":institutionName]), 0, OPTIONAL))): Object 'Object Repository/NacacStudentApp/HomePageElements/CollegeName' is present

2020-10-12 04:45:16 - [MESSAGE][WARNING] - Timeout '0' is invalid. Using default page load timeout: '30'

2020-10-12 04:45:17 - [MESSAGE][PASSED] - Object 'Object Repository/NacacStudentApp/HomePageElements/CollegeName' is present]]></system-out>
         <system-err><![CDATA[]]></system-err>
      </testcase>
      <system-out><![CDATA[2020-10-12 04:19:35 - [TEST_SUITE][FAILED] - NACAC: Test Cases/Conventions/AddVideoInAdminAndVerifyInStudentApp FAILED.
Reason:
com.kms.katalon.core.exception.StepFailedException: Unable to scroll to object 'Object Repository/NacacStudentApp/HomePageElements/VideosInExhibitorspage'
	at com.kms.katalon.core.webui.keyword.internal.WebUIKeywordMain.stepFailed(WebUIKeywordMain.groovy:64)
	at com.kms.katalon.core.webui.keyword.internal.WebUIKeywordMain.runKeyword(WebUIKeywordMain.groovy:26)
	at com.kms.katalon.core.webui.keyword.builtin.ScrollToElementKeyword.scrollToElement(ScrollToElementKeyword.groovy:88)
	at com.kms.katalon.core.webui.keyword.builtin.ScrollToElementKeyword.execute(ScrollToElementKeyword.groovy:68)
	at com.kms.katalon.core.keyword.internal.KeywordExecutor.executeKeywordForPlatform(KeywordExecutor.groovy:73)
	at com.kms.katalon.core.webui.keyword.WebUiBuiltInKeywords.scrollToElement(WebUiBuiltInKeywords.groovy:3432)
	at com.kms.katalon.core.webui.keyword.WebUiBuiltInKeywords$scrollToElement$12.call(Unknown Source)
	at AddVideoInAdminAndVerifyInStudentApp.run(AddVideoInAdminAndVerifyInStudentApp:52)
	at com.kms.katalon.core.main.ScriptEngine.run(ScriptEngine.java:194)
	at com.kms.katalon.core.main.ScriptEngine.runScriptAsRawText(ScriptEngine.java:119)
	at com.kms.katalon.core.main.TestCaseExecutor.runScript(TestCaseExecutor.java:339)
	at com.kms.katalon.core.main.TestCaseExecutor.doExecute(TestCaseExecutor.java:330)
	at com.kms.katalon.core.main.TestCaseExecutor.processExecutionPhase(TestCaseExecutor.java:309)
	at com.kms.katalon.core.main.TestCaseExecutor.accessMainPhase(TestCaseExecutor.java:301)
	at com.kms.katalon.core.main.TestCaseExecutor.execute(TestCaseExecutor.java:235)
	at com.kms.katalon.core.main.TestSuiteExecutor.accessTestCaseMainPhase(TestSuiteExecutor.java:191)
	at com.kms.katalon.core.main.TestSuiteExecutor.accessTestSuiteMainPhase(TestSuiteExecutor.java:141)
	at com.kms.katalon.core.main.TestSuiteExecutor.execute(TestSuiteExecutor.java:90)
	at com.kms.katalon.core.main.TestCaseMain.startTestSuite(TestCaseMain.java:157)
	at com.kms.katalon.core.main.TestCaseMain$startTestSuite$0.call(Unknown Source)
	at TempTestSuite1602490771550.run(TempTestSuite1602490771550.groovy:39)
Caused by: com.kms.katalon.core.webui.exception.WebElementNotFoundException: Web element with id: 'Object Repository/NacacStudentApp/HomePageElements/VideosInExhibitorspage' located by '//div[text()="video401"]' not found
	at com.kms.katalon.core.webui.common.WebUiCommonHelper.findWebElement(WebUiCommonHelper.java:1368)
	at com.kms.katalon.core.webui.keyword.internal.WebUIAbstractKeyword.findWebElement(WebUIAbstractKeyword.groovy:27)
	at com.kms.katalon.core.webui.keyword.internal.WebUIAbstractKeyword.findWebElement(WebUIAbstractKeyword.groovy:26)
	at com.kms.katalon.core.webui.keyword.builtin.ScrollToElementKeyword$_scrollToElement_closure1.doCall(ScrollToElementKeyword.groovy:79)
	at com.kms.katalon.core.webui.keyword.builtin.ScrollToElementKeyword$_scrollToElement_closure1.call(ScrollToElementKeyword.groovy)
	at com.kms.katalon.core.webui.keyword.internal.WebUIKeywordMain.runKeyword(WebUIKeywordMain.groovy:20)
	... 19 more]]></system-out>
      <system-err><![CDATA[2020-10-12 04:19:35 - [TEST_SUITE][FAILED] - NACAC: Test Cases/Conventions/AddVideoInAdminAndVerifyInStudentApp FAILED.
Reason:
com.kms.katalon.core.exception.StepFailedException: Unable to scroll to object 'Object Repository/NacacStudentApp/HomePageElements/VideosInExhibitorspage'
	at com.kms.katalon.core.webui.keyword.internal.WebUIKeywordMain.stepFailed(WebUIKeywordMain.groovy:64)
	at com.kms.katalon.core.webui.keyword.internal.WebUIKeywordMain.runKeyword(WebUIKeywordMain.groovy:26)
	at com.kms.katalon.core.webui.keyword.builtin.ScrollToElementKeyword.scrollToElement(ScrollToElementKeyword.groovy:88)
	at com.kms.katalon.core.webui.keyword.builtin.ScrollToElementKeyword.execute(ScrollToElementKeyword.groovy:68)
	at com.kms.katalon.core.keyword.internal.KeywordExecutor.executeKeywordForPlatform(KeywordExecutor.groovy:73)
	at com.kms.katalon.core.webui.keyword.WebUiBuiltInKeywords.scrollToElement(WebUiBuiltInKeywords.groovy:3432)
	at com.kms.katalon.core.webui.keyword.WebUiBuiltInKeywords$scrollToElement$12.call(Unknown Source)
	at AddVideoInAdminAndVerifyInStudentApp.run(AddVideoInAdminAndVerifyInStudentApp:52)
	at com.kms.katalon.core.main.ScriptEngine.run(ScriptEngine.java:194)
	at com.kms.katalon.core.main.ScriptEngine.runScriptAsRawText(ScriptEngine.java:119)
	at com.kms.katalon.core.main.TestCaseExecutor.runScript(TestCaseExecutor.java:339)
	at com.kms.katalon.core.main.TestCaseExecutor.doExecute(TestCaseExecutor.java:330)
	at com.kms.katalon.core.main.TestCaseExecutor.processExecutionPhase(TestCaseExecutor.java:309)
	at com.kms.katalon.core.main.TestCaseExecutor.accessMainPhase(TestCaseExecutor.java:301)
	at com.kms.katalon.core.main.TestCaseExecutor.execute(TestCaseExecutor.java:235)
	at com.kms.katalon.core.main.TestSuiteExecutor.accessTestCaseMainPhase(TestSuiteExecutor.java:191)
	at com.kms.katalon.core.main.TestSuiteExecutor.accessTestSuiteMainPhase(TestSuiteExecutor.java:141)
	at com.kms.katalon.core.main.TestSuiteExecutor.execute(TestSuiteExecutor.java:90)
	at com.kms.katalon.core.main.TestCaseMain.startTestSuite(TestCaseMain.java:157)
	at com.kms.katalon.core.main.TestCaseMain$startTestSuite$0.call(Unknown Source)
	at TempTestSuite1602490771550.run(TempTestSuite1602490771550.groovy:39)
Caused by: com.kms.katalon.core.webui.exception.WebElementNotFoundException: Web element with id: 'Object Repository/NacacStudentApp/HomePageElements/VideosInExhibitorspage' located by '//div[text()="video401"]' not found
	at com.kms.katalon.core.webui.common.WebUiCommonHelper.findWebElement(WebUiCommonHelper.java:1368)
	at com.kms.katalon.core.webui.keyword.internal.WebUIAbstractKeyword.findWebElement(WebUIAbstractKeyword.groovy:27)
	at com.kms.katalon.core.webui.keyword.internal.WebUIAbstractKeyword.findWebElement(WebUIAbstractKeyword.groovy:26)
	at com.kms.katalon.core.webui.keyword.builtin.ScrollToElementKeyword$_scrollToElement_closure1.doCall(ScrollToElementKeyword.groovy:79)
	at com.kms.katalon.core.webui.keyword.builtin.ScrollToElementKeyword$_scrollToElement_closure1.call(ScrollToElementKeyword.groovy)
	at com.kms.katalon.core.webui.keyword.internal.WebUIKeywordMain.runKeyword(WebUIKeywordMain.groovy:20)
	... 19 more]]></system-err>
   </testsuite>
</testsuites>
